
#TITLE, BEGIN INPUT DATA ECHO

 NOISE CALCULATIONS                                                              



# NAMELIST $OPTION
  PROGRAM CONTROL, EXECUTION, ANALYSIS AND PLOT OPTION DATA

   DESCRIPTION                NAME         VALUE  DIMENSIONS

   TYPE OF PROBLEM            IOPT             1
   ANALYSIS OPTION            IANAL            3
   MAIN ENGINE DECK SWITCH    INENG            0
   DETAILED TAKEOFF SWITCH    ITAKOF           1
   DETAILED LANDING SWITCH    ILAND            1
   COST CALCULATION SWITCH    ICOST            1
   TRANSPORT/FIGHTER/GEN AV   IFITE            0
   TAKEOFF PROFILE FOR NOISE  NOPRO            1
   TAKEOFF PROFILE SWITCH     NPFILE           0
   LANDING PROFILE SWITCH     LPFILE           0
   NOISE CALCULATIONS SWITCH  NOISE            1
   MASTER PRINT CONTROL       MPRINT           0
   XFLOPS DATA PLOT SWITCH    IXFL             0
   AERO POLAR PLOT SWITCH     IPOLP            0
   THRUST DATA PLOT SWITCH    IPLTTH           0
   HISTORY DATA PLOT SWITCH   IPLTHS           0
   EXCESS POWER PLOT SWITCH   IPLTPS           0



# FUSELAGE DESIGN MODULE RESULTS
  INTERIOR FUSELAGE LAYOUT DATA - LOWER DECK
   NUMBER OF GALLEYS                           2
   NUMBER OF LAVATORIES                        4
   NUMBER OF CLOSETS                           3
   NUMBER OF DOORS                             2
   NUMBER OF FIRST CLASS ABREAST               4
   NUMBER OF FIRST CLASS ROWS                  3
   SEATING PITCH FOR FIRST CLASS            38.0 IN
   NUMBER OF TOURIST CLASS ABREAST             6
   NUMBER OF TOURIST CLASS ROWS               23
   SEATING PITCH FOR TOURIST CLASS          34.0 IN
   NUMBER OF AISLES                            1



# NAMELIST $WTIN
  GEOMETRIC, WEIGHT, BALANCE AND INERTIA DATA

   DESCRIPTION                NAME         VALUE  DIMENSIONS

   MAX OPER MACH NUMBER       VMMO        0.0000
   ULTIMATE LOAD FACTOR       ULF         3.7500
   REF WEIGHT NUMBER          NWREF           39
   CG REFERENCE LENGTH        CGREFL      1638.1  IN
   X FOR START OF CGREFL      CGREFX         0.0  IN
   SWITCH TO COMPUTE WEIGHTS  MYWTS            0
   DESIGN GROSS WT. (RATIO)   DGW          1.000
   HYDRAULIC SYSTEM PRESSURE  HYDPR        3000.

 WING DATA
   DIHEDRAL(POSITIVE)         DIH          0.000  DEG
   GLOVE AND BAT AREA         GLOV          0.00  SQ FT
   SPAN                       SPAN        119.58  FT
   CONTROL SURFACE AREA RATIO FLAPR       0.3330
   FRACTION OF COMPOSITES     FCOMP       0.0000
   AEROELASTIC TAILORING FACT FAERT       0.0000
   STRUT BRACING FACTOR       FSTRT       0.0000
   VARIABLE SWEEP FACTOR      VARSWP      0.0000

 HORIZONTAL TAIL DATA
   AREA                       SHT           0.00  SQ FT
   1/4 CHORD SWEEP ANGLE      SWPHT        25.00  DEG
   ASPECT RATIO               ARHT          5.50
   TAPER RATIO                TRHT        0.2700
   T/C                        TCHT        0.1100
   LOCATION ON VERTICAL TAIL  HHT         0.0000

 VERTICAL TAIL DATA
   NUMBER OF VERTICAL TAILS   NVERT            1
   AREA                       SVT           0.00  SQ FT
   1/4 CHORD SWEEP ANGLE      SWPVT        25.00  DEG
   ASPECT RATIO               ARVT        2.7500
   TAPER RATIO                TRVT        0.2700
   T/C                        TCVT        0.1100

 FUSELAGE DATA
   NUMBER OF FUSELAGES        NFUSE            1
   TOTAL LENGTH               XL          136.51  FT (CALC)
   MAXIMUM WIDTH              WF           12.19  FT (CALC)
   MAXIMUM DEPTH              DF           13.09  FT (CALC)
   CARGO AIRCRAFT FACTOR      CARGF       0.0000
   PASSENGER COMPART LENGTH   XLP          96.51  FT (CALC)

 LANDING GEAR DATA
   LENGTH OF MAIN GEAR        XMLG          0.00  IN
   LENGTH OF NOSE GEAR        XNLG          0.00  IN
   DESIGN LANDING WEIGHT      WLDG      145200.0  LBF
   SET WLDG TO END OF DESCENT MLDWT            0
     DELTA WEIGHT FOR MLDWT=1 DLDWT          0.0  LBF
   CARRIER BASED AIRCRAFT     CARBAS        0.00

 PROPULSION SYSTEM DATA
   NUMBER OF ENGINES ON WING  NEW              2
   NUMBER OF ENGINES ON FUSE  NEF              0
   BASELINE ENGINE THRUST     THRSO      25000.0  LBF
   BASELINE ENGINE WEIGHT     WENG           0.0  LBF
   WEIGHT SCALING PARAMETER   EEXP       1.15000
   BASELINE INLET WEIGHT      WINL           0.0  LBF
   INLET WT SCALING EXPONENT  EINL       1.00000
   BASELINE NOZZLE WEIGHT     WNOZ           0.0  LBF
   NOZZLE WT SCALING EXPONENT ENOZ       1.00000
   BASELINE NACELLE LENGTH    XNAC          0.00  FT
   BASELINE NACELLE DIAMETER  DNAC          0.00  FT
   ADDED MISC PROP SYSTEM WT  WPMISC       0.000  LBF

 FUEL SYSTEM DATA
   FUEL DENSITY RATIO         FULDEN     1.00000
     (FUEL CAPACITY FACTOR    FWMAX       23.000)
    FUEL CAPACITY OF WING     FULWMX     29769.8  LBM
    FUEL CAPACITY OF FUSELAGE FULFMX     16000.0  LBM
    AUXIL TANK FUEL CAPACITY  FULAUX         0.0  LBM
   TOTAL FUEL CAPACITY        FMXTOT     45769.8  LBM
   ADJUST FUSE FUEL CAPACITY  IFUFU            0
   NUMBER OF FUEL TANKS       NTANK            7

 CREW AND PAYLOAD DATA
   FIRST CLASS PASSENGERS     NPF             12
   BUSINESS PASSENGERS        NPB              0
   TOURIST PASSENGERS         NPT            138
   STEWARDESSES               NSTU            -1
   GALLEY CREW                NGALC           -1
   FLIGHT CREW                NFLCR           -1
   WEIGHT PER PASSENGER       WPPASS       165.0  LBF
   BAGGAGE PER PASSENGER      BPP           44.0  LBF
   CARGO IN WING              CARGOW         0.0  LBF
   CARGO IN FUSELAGE          CARGOF         0.0  LBF
   MAXIMUM PAYLOAD            PAYLMX     31350.0  LBF

 OVERRIDE PARAMETERS FOR WEIGHTS
   WING - TOTAL               FRWI        1.0000
     WING WEIGHT FIRST  TERM  FRWI1       1.0000
     WING WEIGHT SECOND TERM  FRWI2       1.0000
     WING WEIGHT THIRD  TERM  FRWI3       1.0000
     WING WEIGHT FOURTH TERM  FRWI4       1.0000
   HORIZONTAL TAIL            FRHT        1.0000
   VERTICAL TAIL              FRVT        1.0000
   WING VERTICAL FIN          FRFIN       1.0000
   CANARD                     FRCAN       1.0000
   FUSELAGE                   FRFU        1.0000
   NOSE LANDING GEAR          FRLGN       1.0000
   MAIN LANDING GEAR          FRLGM       1.0000
   NACELLES - TOTAL   OR      FRNA        1.0000
      AIR INDUCTION SYSTEM           
   THRUST REVERSERS - TOTAL   WTHR        0.0000
   MISC PROPULSION SYSTEMS    WPMSC       1.0000
   FUEL SYSTEM                WFSYS       1.0000
   SURFACE CONTROLS           FRSC        1.0000
   AUXILIARY POWER UNIT       WAPU        1.0000
   INSTRUMENT GROUP           WIN         1.0000
   HYDRAULICS GROUP           WHYD        1.0000
   ELECTRICAL GROUP           WELEC       1.0000
   AVIONICS GROUP             WAVONC      1.0000
   ARMAMENT GROUP             WARM        0.0000
   FURNISHINGS GROUP          WFURN       1.0000
   AIR CONDITIONING GROUP     WAC         1.0000
   ANTI-ICING GROUP  OR       WAI         1.0000
      AUXILIARY GEAR                 
   UNUSABLE FUEL              WUF         1.0000
   ENGINE OIL                 WOIL        1.0000
   PASSENGER SERVICE OR AMMO  WSRV        1.0000
     AND NONFIXED WEAPONS            
   CARGO AND BAGGAGE CONTAIN. WCON        1.0000
     OR MISCELL. USEFUL LOAD         
   AUXILIARY FUEL TANKS       WAUXT       1.0000
   FLIGHT CREW AND BAGGAGE    WFLCRB      1.0000
   CABIN CREW AND BAGGAGE     WSTUAB      1.0000

 HORIZONTAL CENTER OF GRAVITY DATA
   WING                       CGW            0.0  IN
   HORIZONTAL TAIL            CGHT           0.0  IN
   VERTICAL TAIL              CGVT           0.0  IN
   WING VERTICAL FINS         CGFIN          0.0  IN
   CANARD                     CGCAN          0.0  IN
   FUSELAGE                   CGF            0.0  IN
   NOSE LANDING GEAR          CGLGN          0.0  IN
   MAIN LANDING GEAR          CGLGM          0.0  IN
   TWO FORWARD ENGINES        CGEF           0.0  IN
   ONE OR TWO AFT ENGINES     CGEA           0.0  IN
   AUXILIARY POWER UNIT       CGAP           0.0  IN
   AVIONICS GROUP             CGAV           0.0  IN
   ARMAMENT GROUP             CGARM          0.0  IN
   FLIGHT CREW                CGCR           0.0  IN
   PASSENGERS                 CGP            0.0  IN
   CARGO/EXT STORES IN WING   CGCW           0.0  IN
   CARGO/EXT STORES IN FUSE   CGCF           0.0  IN
   FUSELAGE FUEL              CGZWF          0.0  IN
   WING FUEL                  CGFWF          0.0  IN
   AIR INDUCTION SYSTEM       CGN            0.0  IN
   AIR CONDITIONING           CGAC           0.0  IN
   AUXILIARY GEAR             CGAI           0.0  IN
   AUXILIARY TANKS            CGAUT          0.0  IN
   AMMO AND NONFIXED GUNS     CGAMMO         0.0  IN
   MISCELLANEOUS USEFUL LOAD  CGMIS          0.0  IN
   SYSTEM WT FOR ALT ENGINES  CGPOW          0.0  IN
   ALTERNATE ENGINES          CGALTE         0.0  IN
   ALTERNATE ENERGY STORAGE   CGBAT          0.0  IN



# NAMELIST $CONFIN
  GEOMETRIC RATIOS, OBJECTIVE FUNCTION FACTORS, AND DESIGN VARIABLES

   DESCRIPTION                NAME         VALUE  DIMENSIONS

   DESIGN RANGE               DESRNG      3000.0  N MI
   WING LOADING REQUIRED      WSR           0.00
   THRUST/WEIGHT REQUIRED     TWR        0.00000
   GLOVE/WING AREA REQUIRED   PGLOV      0.00000
   HORIZ TAIL VOLUME COEF     HTVC      0.799000       
   VERT TAIL VOLUME COEF      VTVC      0.065000       
   COST CALCULATION SWITCH    ICOST            1

 FUNCTION TO BE OPTIMIZED - OBJ =  0.0000*(RAMP WEIGHT) +  1.0000*FUEL +  0.0000*MACH*(L/D) +
                                   0.0000*RANGE +  0.0000*COST +  0.0000*(NOX EMISSIONS) +
                                   0.0000*(SIDELINE NOISE) +  0.0000*(FLYOVER NOISE) +
                                   0.0000*(NOISE FIGURE OF MERIT) +  0.0000*(NOISE FOOTPRINT AREA) +
                                   0.0000*(HOLD TIME FOR SEGMENT NHOLD)


 DESIGN VARIABLE DATA

   VARIABLE                  NAME       VALUE  ACTIVITY  LOWER BOUND  UPPER BOUND  SCALE FACTOR

    - CONFIGURATION VARIABLES -    
   RAMP WEIGHT, LBF          GW       165000.0    0.            0.0          0.0       0.00000
   WING ASPECT RATIO         AR        11.0000    0.         0.0000       0.0000       0.00000
   THRUST PER ENGINE, LBF    THRUST    25000.0    0.          0.000        0.000       0.00000
   REF WING AREA, SQ FT      SW         1300.0    0.            0.0          0.0       0.00000
   WING TAPER RATIO          TR        0.27000    0.        0.00000      0.00000       0.00000
   WING 1/4 CHORD SWEEP, DEG SWEEP       25.00    0.           0.00         0.00       0.00000
   WING T/C                  TCA       0.11000    0.        0.00000      0.00000       0.00000

    - MISSION VARIABLES -          
   CRUISE MACH NUMBER        VCMN      0.78000    0.        0.00000      0.00000       0.00000
   MAX CRUISE ALTITUDE, FT   CH        39000.0    0.            0.0          0.0       0.00000

    - PROPULSION SYSTEM VARIABLES -
   TURBINE INLET TEMP (R)    ETIT         0.00    0.           0.00         0.00       0.00000
   OVERALL PRESSURE RATIO    EOPR        0.000    0.          0.000        0.000       0.00000
   FAN PRESSURE RATIO        EFPR       0.0000    0.         0.0000       0.0000       0.00000
   BYPASS RATIO              EBPR       0.0000    0.         0.0000       0.0000       0.00000
   THROTTLE RATIO            ETTR      0.00000    0.        0.00000      0.00000       0.00000
   PROPELLER BLADE ANGLE     EBLA      0.00000    0.        0.00000      0.00000       0.00000

    - NOISE ABATEMENT VARIABLES -
   TAKEOFF THRUST FACTOR     VARTH     1.00000    0.        0.00000      0.00000       0.00000
   ROTATION VELOCITY         ROTVEL       0.00    0.           0.00         0.00          0.00
   THRUST FRACTION AFTER           
     PROGRAMMED LAPSE RATE   PLR       0.00000    0.        0.00000      0.00000       0.00000



# NAMELIST $AERIN
  AERODYNAMIC OPTIONS AND APPROXIMATE TAKEOFF AND LANDING DATA

   DESCRIPTION                NAME         VALUE  DIMENSIONS

   AERODYNAMIC INPUT METHOD   MYAERO           0
   WAVE DRAG INPUT SWITCH     IWAVE            0
   WAVE DRAG FACTOR           FWAVE       1.0000
   LINEAR/PARABOLIC INTERP    ITPAER           2
   AERO MATRIX FORMAT SWITCH  IBO              0
   MAX CAMBER AT 70 PERCENT          
    SEMISPAN                  CAM           0.00 PERCENT CHORD
   AIRCRAFT BASE AREA         SBASE          0.0  SQ FT
   WING TECHNOLOGY            AITEK          1.5
   MODIFY EDET DATA           MODARO           0
   FIXED DESIGN CL            FCLDES      0.5400
   FIXED DESIGN MACH NUMBER   FMDES       0.8000
   TURBULENT/LAMINAR FLOW     XLLAM          0.0
   AERO EFFICIENCY FACTOR     E           1.0000

 OVERRIDE PARAMETERS FOR WETTED AREAS
   WING WETTED AREA           SWETW       1.0000
   HOR. TAIL WETTED AREA      SWETH       1.0000
   VERT. TAIL WETTED AREA     SWETV       1.0000
   FUSELAGE WETTED AREA       SWETF       1.0000
   NACELLE WETTED AREA        SWETN       1.0000
   CANARD WETTED AREA         SWETC       1.0000

 TAKEOFF AND LANDING DATA
   RATIO OF MAX. LANDING WT.         
         TO MAX. TAKEOFF WT.  WRATIO      0.8800
   MAX. LANDING VELOCITY      VAPPR     150.0000  KTS
   MAX. TAKEOFF FIELD LENGTH  FLTO        7000.0  FT
   MAX. LANDING FIELD LENGTH  FLLDG       7000.0  FT
   MAX. CL TAKEOFF CONFIG.    CLTOM       2.0000
   MAX. CL LANDING CONFIG.    CLLDM       3.0000
   APPROACH CL                CLAPP       0.0000
   AIR DENSITY RATIO          DRATIO      1.0000
   L/D RATIO 2ND SEG. CLIMB   ELODSS      0.0000
   L/D RATIO MISSED APPROACH  ELODMA      0.0000
   THRUST PER ENGINE TAKEOFF  THROFF      0.0000
   THRUST PER ENGINE 2ND             
    SEG. CLIMB                THRSS          0.0  LBF
   THRUST PER ENGINE MISSED          
    APPROACH                  THRMA          0.0  LBF



# NAMELIST $COSTIN
  COST CALCULATION DATA

   DESCRIPTION                         NAME            VALUE  DIMENSIONS

   COST TYPE SWITCH                    ICOSTP              1
   R&D SWITCH                          IRAD                1
   PRINT SWITCH                        IPFLAG              1
   YEAR FOR CALCULATIONS               DYEAR            1986
   SPARES FACTOR FOR AIRFRAME          FAFMSP           0.10
   SPARES FACTOR FOR ENGINES           FENGSP           0.30
   NACELLE ACOUSTICAL TREAT SWITCH     IACOUS              0
   NOZZLE TYPE SWITCH                  INOZZ               1
   AIRFRAME PRODUCTION QUANTITY        Q              100.00
   DEVELOPMENT START TIME              DEVST           1980.  YEAR
   FAA CERTIFICATION DATE              PLMQT           1984.  YEAR
   NO OF PROTOTYPE AIRCRAFT            NPROTP              2
   NO OF FLIGHT TEST AIRCRAFT          NFLTST              2
   SPARES FACTOR FOR DEVELOPMENT       FPPFT            0.50
   PRIOR NO OF ENGINES PROCURRED       PRPROC           0.00
   ENGINE PRESSURE RATIO               EPR             20.00
   ENGINE DESIGN SFC                   SFC            0.6000  LB/HR/LB
   MAX TURBINE INLET TEMP              TEMP           1800.0  DEG F
   BODY TYPE SWITCH                    IBODY               0
   CIRCUIT INDICATOR                   ICIRC               1
   THRUST REVERSER SWITCH              ICOREV              1
   MULTIPLEX SWITCH                    IMUX                0
   RANGE TYPE SWITCH                   IRANGE              1
   APU COMPLEXITY SWITCH               ISPOOL              0
   WINDSHIELD TYPE SWITCH              IWIND               0
   AC TOTAL PACK FLOW                  AC              350.0  LB/MIN
   APU FLOW RATE                       APUFLW          400.0  LB/MIN
   APU SHAFT HORSEPOWER                APUSHP          170.0  HP
   HYDRAULIC PUMP FLOW RATE            HYDGPM          150.0  GAL/MIN
   KVA RATING OF FULL-TIME GENS        KVA             200.0  KVA
   NO OF APUS                          NAPU                1
   NO OF AUTOPILOT CHANNELS            NCHAN               1
   NO OF INFLIGHT-OPERATED GENS        NGEN                3
   NO OF INERTIAL NAV SYSTEMS          NINS                0
   NO OF PODDED ENGINES                NPOD                2
   MANUFACTURERS PROFIT RATE           PRORAT           15.0  PERCENT
   DEPRECIATION PERIOD                 DEPPER           14.0  YRS
   FARE                                FARE           0.1000  DOL/PASS/MILE
   FUEL PRICE                          FUELPR         0.5000  DOL/GAL
   TAX RATE FOR ROI CALCULATIONS       TAXRAT         0.3300
   DIRECT LABOR BURDEN FACTOR          DLBUR            2.00
   NO OF YEARS FOR LCC CALCULATION     LIFE             14.0
   RESIDUAL VALUE AT END OF DEPPER     RESID             2.0  PERCENT
   RETURN ON INVESTMENT                ROI              7.00  PERCENT
   OPERATION TYPE SWITCH               IDOM                1
   TRANSER OPERATION SWITCH            ITRAN               0
   LOAD FACTOR                         LF               55.0  PERCENT
   PERCENT OF SEATS FOR 1ST CLASS      PCTFC            10.0  PERCENT


   TECHNOLOGY FACTORS

     R&D
       AIRFRAME                        FAFRD            1.00
       ENGINE                          FENRD            1.00

     MANUFACTURING
       WING                            FMWING           1.00
       TAIL                            FMTAIL           1.00
       FUSELAGE                        FMBODY           1.00
       LANDING GEAR                    FMGEAR           1.00
       NACELLE                         FMNAC            1.00
       THRUST REVERSER                 FMTRV            1.00
       ENGINE                          FMENG            1.00
       FUEL SYSTEM                     FMFUSY           1.00
       ENGINE SYSTEM                   FMENSY           1.00
       FLIGHT CONTROL SYSTEM           FMFCS            1.00
       HYDRAULICS                      FMHYD            1.00
       ELECTRICAL SYSTEM               FMEL             1.00
       PNEUMATICS                      FMPNM            1.00
       AIR CONDITIONING                FMAC             1.00
       ANTI-ICING                      FMAI             1.00
       AUX. POWER UNIT                 FMAPU            1.00
       FURNISHINGS AND EQP             FMFEQ            1.00
       INSTRUMENTS                     FMINS            1.00
       AVIONICS                        FMAV             1.00
       COMPOSITE STRUCTURES            FMCOMP           1.00

     OPERATING
       COMPOSITES                      FOCOMP           1.00
       WING                            FOWING           1.00
       FUSELAGE                        FOBODY           1.00
       NACELLE                         FONAC            1.00
       LANDING GEAR                    FOGEAR           1.00
       PROPULSION SYSTEM               FOPROP           1.00
       FLIGHT CONTROL SYSTEM           FOFCS            1.00
       FUEL SYSTEM                     FOFUSY           1.00
       PNEUMATICS                      FOPNM            1.00
       ELECTRICAL                      FOEL             1.00
       FURNISHINGS AND EQP             FOFEQ            1.00
       AIR CONDITIONING                FOAC             1.00
       INSTRUMENTS                     FOINS            1.00
       AVIONICS                        FOAV             1.00
       ANTI-ICING                      FOAI             1.00
       AUX. POWER UNIT                 FOAPU            1.00
       HYDRAULICS                      FOHYD            1.00

     ECONOMICS
       DEPRECIATION                    FEDEP            1.00
       INSURANCE                       FEINS            1.00
       CONTROL FEE                     FECFEE           1.00
       LANDING FEE                     FELDFE           1.00
       A/C SERVICING                   FEACSR           1.00
       FLIGHT ATTENDANTS               FEFLTA           1.00
       FLIGHT CREW                     FECRW            1.00
       MAINTAINENCE LABOR RATE         FEMAIN           1.00
       R&D LABOR RATE                  FELABR           1.00




# NAMELIST $ENGDIN
  ENGINE DECK CONTROL, SCALING AND USAGE DATA

   DESCRIPTION                NAME         VALUE  DIMENSIONS

   ENGINE DECK PRINT CONTROL  NGPRT            1
   ENGINE DECK SOURCE SWITCH  IGENEN           1
   SLOPE FACTOR FOR                  
    EXTRAPOLATING FUEL FLOWS  EXTFAC      1.0000
   SUBSONIC FUEL FLOW FACTOR  FFFSUB      1.0000
   SUPERSONIC FUEL FLOW FACT  FFFSUP      1.0000
   FLIGHT IDLE SWITCH         IDLE             1
   IGNORE NEGATIVE THRUSTS    NONEG            0
   MIN IDLE FUEL FLOW FRACT   FIDMIN      0.0800
   MAX IDLE FUEL FLOW FRACT   FIDMAX      1.0000
   SFC EXTRAPOLATION SWITCH   IXTRAP           1
   PART POWER DATA SWITCH     IFILL            2
   MAX. CRUISE POWER SETTING  MAXCR            1
   BOOST ENGINE SWITCH        BOOST       0.0000
   FUEL FLOW SCALING                 
    CONSTANT TERM             DFFAC       0.0000
   FUEL FLOW SCALING                 
    LINEAR TERM               FFFAC       0.0000
   NITROGEN OXIDES SWITCH     NOX              1
   INSTALLATION DRAG SWITCH   INSDRG           0



# NAMELIST $ENGINE
  ENGINE CYCLE ANALYSIS INPUT DATA

   DESCRIPTION                NAME         VALUE  DIMENSIONS

   2-COMP SEP FLOW TURBOFAN   IENG             2
   ENGINE CYCLE DEF. FILE     IFILE       TFNSEP                                                                          
   COMPONENT MAP TABLES FILE  TFILE       ENGTAB                                                                          
   PRINT LEVEL INDICATOR      IPRINT           0
   PRINT VIB/ANOPP DATA       NPRINT           0
   PRINT LEVEL FOR WEIGHTS    IWTPRT           1
   PLOT ENGINE SCHEMATIC      IWTPLT           0
   CYCLE ANALYSIS OUTPUT FILE OFILE       OUTPUT                                                                          
   FLAG TO GENERATE A DECK    GENDEK           F
   SWITCH FOR WEIGHT CALCS    NGINWT           0
    (0=NONE, 1=ENGINE, 2=1+INLET, 3=2+NACELLE, 4=3+NOZZLE)
   PART POWER DATA CONTROL    ITHROT           1
   NUMBER OF A/B POINTS       NPAB             0
   NUMBER OF DRY POINTS       NPDRY           15
   PART POWER THRUST CUTOFF   XIDLE      0.05000
   MAX ALLOWABLE ITERATIONS   NITMAX          50

 DESIGN POINT DATA
   DESIGN POINT NET THRUST    DESFN      25000.0  LBF
   OVERALL PRESSURE RATIO     OPRDES     40.0000
   FAN PRESSURE RATIO         FPRDES      1.4500
   BYPASS RATIO               BPRDES      6.0000
   DESIGN TURBINE INLET TEMP  TETDES      3300.0  DEG R
   DESIGN THROTTLE RATIO      TTRDES      1.0000

 OTHER ENGINE CONFIGURATION DEFINITION DATA
   FLAG FOR AFTERBURNER       ABURN            F
   FLAG FOR DUCT BURNER       DBURN            F
   AFTERBURNER EFFICIENCY     EFFAB      0.85000
   MAX AFTERBURNER TEMP       TABMAX      3500.0  DEG R
   FLAG FOR VARIABLE NOZZLE   VEN              F
   CUSTOMER COMPRESSOR BLEED  COSTBL      3.7040  LB/SEC
   FAN BLEED                  FANBL       0.0000  LB/SEC
   ADDITIONAL TAKEOFF BLEED   TKOFBL      0.0000  LB/SEC
   TURBINE COOLING (FROM HPC) WCOOL      -0.0001  FRACTION (OR T41 R)
   CUSTOMER POWER EXTRACTION  HPEXT       197.39  HP
   FUEL HEATING VALUE         FHV        18500.0  BTU/LB
   TECHNOLOGY AVAILABILITY    YEAR         2017.  YEAR
   FLAG TO DO BOATTAIL DRAG   BOAT             F
   DELTA TEMPERATURE          DTCE          0.00  DEG C
   DTCE VARIES TO ZERO AT     ATC         10000.  FT
   FLAG TO DO SPILLAGE DRAG   SPILL            F
   FLAG TO DO LIP DRAG        LIP              F

 USED TO DEFINE MACH-ALTITUDE ARRAY POINTS
   MAXIMUM MACH NUMBER        XMMAX       0.7800
   MAXIMUM ALTITUDE           AMAX       39000.0  FT
   INCREMENT IN MACH NUMBER   XMINC       0.2000
   INCREMENT IN ALTITUDE      AINC        5000.0  FT
   MINIMUM DYNAMIC PRESSURE   QMIN        150.00  PSF
   MAXIMUM DYNAMIC PRESSURE   QMAX       1200.00  PSF

 ENGINE CYCLE OPTIMIZATION CRUISE CONDITION
   MACH NUMBER                XMDES       0.7800
   ALTITUDE                   XADES      39000.0  FT

 ENGINE CYCLE BEHAVIORAL CONSTRAINTS
   MAX COMPRESR DISCHARGE TMP CDTMAX  99999.0000  R
   MAX COMPRESR DISCHARGE PRS CDPMAX  99999.0000  PSI
   MAXIMUM JET VELOCITY       VJMAX   99999.0000  FT/SEC
   MINIMUM SPECIFIC THRUST    STMIN       1.0000  LB/LB/SEC
   MAXIMUM BYPASS/CORE AREA   ARMAX   99999.0000

   SEA LEVEL STATIC MAXIMUM THRUST       25000.0  LB
     (NEW BASELINE ENGINE THRUST - OVERRIDES THRSO)

#  ALL POINT ENGINE DECK SUMMARY

  MACH =  0.800,  ALTITUDE =  39000.,  THRUSTS/FUEL FLOWS/SFCS/NOX RATIOS FOLLOW
   3165.6  2671.3  2234.7  2066.4  1908.8  1761.2  1607.0  1434.1  1276.9  1133.6  1002.5   881.9   770.8   667.8   572.1     0.0
   2341.8  2026.0  1751.4  1646.0  1547.1  1454.1  1358.7  1254.6  1159.2  1071.5   990.7   916.1   847.0   783.0   723.5   367.8
    0.740   0.758   0.784   0.797   0.810   0.826   0.845   0.875   0.908   0.945   0.988   1.039   1.099   1.173   1.265   0.000
   10.155   8.372   6.900   6.353   5.849   5.384   4.935   4.485   4.077   3.708   3.372   3.066   2.789   2.536   2.305   0.925

  MACH =  0.800,  ALTITUDE =  34000.,  THRUSTS/FUEL FLOWS/SFCS/NOX RATIOS FOLLOW
   4071.7  3435.9  2874.3  2657.9  2455.1  2265.3  2066.9  1844.5  1642.4  1458.1  1289.4  1134.4   991.4   858.9   735.9     0.0
   2989.6  2586.5  2235.9  2101.4  1975.0  1856.4  1734.5  1601.6  1479.8  1367.9  1264.7  1169.5  1081.4   999.6   923.7   469.5
    0.734   0.753   0.778   0.791   0.804   0.819   0.839   0.868   0.901   0.938   0.981   1.031   1.091   1.164   1.255   0.000
   11.844   9.764   8.048   7.410   6.822   6.280   5.756   5.231   4.755   4.324   3.932   3.576   3.252   2.957   2.688   1.079

  MACH =  0.800,  ALTITUDE =  29000.,  THRUSTS/FUEL FLOWS/SFCS/NOX RATIOS FOLLOW
   5185.9  4376.1  3660.8  3385.2  3127.0  2885.2  2632.5  2349.3  2091.8  1857.1  1642.2  1444.8  1262.7  1094.0   937.3     0.0
   3862.9  3342.0  2889.1  2715.2  2551.9  2398.6  2241.2  2069.4  1912.1  1767.4  1634.2  1511.1  1397.2  1291.6  1193.5   606.7
    0.745   0.764   0.789   0.802   0.816   0.831   0.851   0.881   0.914   0.952   0.995   1.046   1.107   1.181   1.273   0.000
   15.646  12.899  10.632   9.789   9.012   8.296   7.604   6.910   6.282   5.712   5.195   4.725   4.297   3.907   3.551   1.425

  MACH =  0.800,  ALTITUDE =  24000.,  THRUSTS/FUEL FLOWS/SFCS/NOX RATIOS FOLLOW
   6527.7  5508.4  4608.0  4261.1  3936.1  3631.7  3313.7  2957.1  2633.1  2337.6  2067.1  1818.6  1589.4  1377.0  1179.8     0.0
   4945.9  4279.0  3699.1  3476.4  3267.4  3071.1  2869.5  2649.7  2448.2  2263.0  2092.4  1934.8  1789.0  1653.7  1528.1   776.8
    0.758   0.777   0.803   0.816   0.830   0.846   0.866   0.896   0.930   0.968   1.012   1.064   1.126   1.201   1.295   0.000
   20.632  17.010  14.019  12.908  11.884  10.940  10.027   9.112   8.284   7.533   6.850   6.230   5.666   5.152   4.683   1.879

  MACH =  0.800,  ALTITUDE =  19000.,  THRUSTS/FUEL FLOWS/SFCS/NOX RATIOS FOLLOW
   8134.8  6864.6  5742.5  5310.2  4905.1  4525.8  4129.5  3685.2  3281.3  2913.1  2576.0  2266.3  1980.7  1716.1  1470.2     0.0
   6277.3  5430.9  4694.8  4412.2  4147.0  3897.8  3642.0  3362.9  3107.2  2872.1  2655.6  2455.6  2270.5  2098.9  1939.4   985.9
    0.772   0.791   0.818   0.831   0.845   0.861   0.882   0.913   0.947   0.986   1.031   1.084   1.146   1.223   1.319   0.000
   27.084  22.329  18.404  16.945  15.600  14.361  13.163  11.962  10.875   9.888   8.993   8.178   7.438   6.763   6.147   2.467

  MACH =  0.800,  ALTITUDE =  14000.,  THRUSTS/FUEL FLOWS/SFCS/NOX RATIOS FOLLOW
  10050.7  8481.3  7095.0  6560.9  6060.3  5591.7  5102.1  4553.1  4054.1  3599.2  3182.7  2800.1  2447.1  2120.2  1816.5     0.0
   7906.6  6840.5  5913.4  5557.5  5223.3  4909.5  4587.3  4235.8  3913.7  3617.6  3344.9  3093.0  2859.9  2643.7  2442.8  1241.8
    0.787   0.807   0.833   0.847   0.862   0.878   0.899   0.930   0.965   1.005   1.051   1.105   1.169   1.247   1.345   0.000
   35.437  29.216  24.079  22.170  20.411  18.790  17.222  15.651  14.228  12.938  11.766  10.701   9.731   8.848   8.043   3.228

  MACH =  0.800,  ALTITUDE =   9000.,  THRUSTS/FUEL FLOWS/SFCS/NOX RATIOS FOLLOW
  11626.0  9810.6  8207.0  7589.2  7010.2  6468.1  5901.7  5266.7  4689.6  4163.3  3681.6  3239.0  2830.7  2452.5  2101.2     0.0
   9368.7  8105.4  7006.9  6585.2  6189.3  5817.4  5435.5  5019.1  4637.4  4286.6  3963.4  3665.0  3388.7  3132.5  2894.6  1471.5
    0.806   0.826   0.854   0.868   0.883   0.899   0.921   0.953   0.989   1.030   1.077   1.132   1.197   1.277   1.378   0.000
   42.798  35.284  29.081  26.776  24.651  22.693  20.799  18.902  17.184  15.625  14.210  12.923  11.753  10.686   9.714   3.898

  MACH =  0.800,  ALTITUDE =   4000.,  THRUSTS/FUEL FLOWS/SFCS/NOX RATIOS FOLLOW
  12377.0 10444.3  8737.1  8079.4  7463.0  6885.9  6283.0  5606.9  4992.5  4432.2  3919.4  3448.2  3013.5  2611.0  2236.9     0.0
  10305.7  8916.1  7707.7  7243.7  6808.2  6399.2  5979.1  5521.0  5101.2  4715.3  4359.8  4031.5  3727.6  3445.8  3184.1  1618.6
    0.833   0.854   0.882   0.897   0.912   0.929   0.952   0.985   1.022   1.064   1.112   1.169   1.237   1.320   1.423   0.000
   46.639  38.451  31.691  29.179  26.864  24.729  22.666  20.599  18.726  17.028  15.485  14.083  12.808  11.645  10.586   4.248

  MACH =  0.800,  ALTITUDE =      0.,  THRUSTS/FUEL FLOWS/SFCS/NOX RATIOS FOLLOW
  12972.6 10947.0  9157.6  8468.2  7822.2  7217.3  6585.3  5876.7  5232.8  4645.5  4108.0  3614.1  3158.6  2736.6  2344.6     0.0
  11104.7  9607.4  8305.3  7805.4  7336.1  6895.4  6442.7  5949.1  5496.7  5080.9  4697.8  4344.1  4016.6  3713.0  3430.9  1744.1
    0.856   0.878   0.907   0.922   0.938   0.955   0.978   1.012   1.050   1.094   1.144   1.202   1.272   1.357   1.463   0.000
   49.945  41.176  33.937  31.247  28.767  26.482  24.273  22.059  20.053  18.234  16.583  15.081  13.715  12.471  11.336   4.549

  MACH =  0.600,  ALTITUDE =  29000.,  THRUSTS/FUEL FLOWS/SFCS/NOX RATIOS FOLLOW
   4963.7  4314.8  3707.8  3423.3  3155.5  2870.0  2573.2  2302.2  2054.2  1826.8  1617.6  1403.7  1204.6  1023.1   855.7     0.0
   3195.1  2794.4  2433.4  2266.1  2109.2  1946.7  1781.5  1630.5  1492.2  1365.4  1249.0  1139.2  1038.3   945.9   861.0   427.0
    0.644   0.648   0.656   0.662   0.668   0.678   0.692   0.708   0.726   0.747   0.772   0.812   0.862   0.925   1.006   0.000
   11.910   9.909   8.227   7.480   6.798   6.141   5.516   4.955   4.451   3.998   3.591   3.222   2.890   2.592   2.322   0.953

  MACH =  0.600,  ALTITUDE =  24000.,  THRUSTS/FUEL FLOWS/SFCS/NOX RATIOS FOLLOW
   6245.4  5428.9  4665.2  4307.2  3970.3  3611.0  3237.6  2896.6  2584.6  2298.5  2035.3  1766.1  1515.7  1287.2  1076.7     0.0
   4088.4  3575.7  3113.8  2899.7  2698.9  2490.9  2279.5  2086.3  1909.4  1747.2  1598.2  1457.7  1328.6  1210.4  1101.8   546.4
    0.655   0.659   0.667   0.673   0.680   0.690   0.704   0.720   0.739   0.760   0.785   0.825   0.877   0.940   1.023   0.000
   15.597  12.975  10.774   9.795   8.902   8.042   7.223   6.488   5.828   5.235   4.702   4.219   3.785   3.394   3.041   1.248

  MACH =  0.600,  ALTITUDE =  19000.,  THRUSTS/FUEL FLOWS/SFCS/NOX RATIOS FOLLOW
   7776.5  6759.8  5808.9  5363.2  4943.6  4496.2  4031.3  3606.7  3218.3  2861.9  2534.2  2199.1  1887.2  1602.8  1340.6     0.0
   5184.8  4534.6  3948.8  3677.3  3422.7  3158.9  2890.9  2645.8  2421.4  2215.7  2026.8  1848.6  1684.9  1535.0  1397.2   692.9
    0.667   0.671   0.680   0.686   0.692   0.703   0.717   0.734   0.752   0.774   0.800   0.841   0.893   0.958   1.042   0.000
   20.343  16.924  14.053  12.776  11.611  10.490   9.422   8.463   7.602   6.829   6.134   5.504   4.937   4.427   3.966   1.627

  MACH =  0.600,  ALTITUDE =  14000.,  THRUSTS/FUEL FLOWS/SFCS/NOX RATIOS FOLLOW
   9594.8  8340.4  7167.1  6617.2  6099.5  5547.5  4973.9  4450.1  3970.8  3531.1  3126.8  2713.3  2328.5  1977.6  1654.1     0.0
   6520.1  5702.4  4965.8  4624.4  4304.3  3972.5  3635.4  3327.2  3045.1  2786.3  2548.8  2324.7  2118.8  1930.3  1757.1   871.4
    0.680   0.684   0.693   0.699   0.706   0.716   0.731   0.748   0.767   0.789   0.815   0.857   0.910   0.976   1.062   0.000
   26.411  21.972  18.244  16.587  15.074  13.619  12.232  10.987   9.870   8.866   7.963   7.145   6.409   5.747   5.149   2.113

  MACH =  0.600,  ALTITUDE =   9000.,  THRUSTS/FUEL FLOWS/SFCS/NOX RATIOS FOLLOW
  11744.7 10209.2  8773.0  8099.9  7466.2  6790.6  6088.4  5447.2  4860.5  4322.3  3827.4  3321.3  2850.3  2420.7  2024.7     0.0
   8138.7  7118.1  6198.6  5772.4  5372.8  4958.7  4537.9  4153.2  3801.0  3478.1  3181.5  2901.8  2644.8  2409.5  2193.3  1087.7
    0.693   0.697   0.707   0.713   0.720   0.730   0.745   0.762   0.782   0.805   0.831   0.874   0.928   0.995   1.083   0.000
   34.163  28.421  23.599  21.455  19.498  17.616  15.822  14.212  12.766  11.468  10.300   9.242   8.290   7.434   6.661   2.733

  MACH =  0.600,  ALTITUDE =   4000.,  THRUSTS/FUEL FLOWS/SFCS/NOX RATIOS FOLLOW
  14016.0 12183.6 10469.6  9666.4  8910.1  8103.8  7265.8  6500.6  5800.5  5158.2  4567.5  3963.6  3401.5  2888.8  2416.2     0.0
   9912.7  8669.6  7549.7  7030.6  6543.9  6039.5  5527.0  5058.5  4629.5  4236.2  3875.0  3534.3  3221.3  2934.7  2671.3  1324.8
    0.707   0.712   0.721   0.727   0.734   0.745   0.761   0.778   0.798   0.821   0.848   0.892   0.947   1.016   1.106   0.000
   42.989  35.764  29.696  26.998  24.536  22.167  19.909  17.884  16.065  14.430  12.961  11.630  10.432   9.355   8.382   3.439

  MACH =  0.600,  ALTITUDE =      0.,  THRUSTS/FUEL FLOWS/SFCS/NOX RATIOS FOLLOW
  14880.5 12935.1 11115.4 10262.6  9459.6  8603.6  7714.0  6901.6  6158.2  5476.4  4849.3  4208.0  3611.3  3067.0  2565.3     0.0
  10702.2  9360.1  8151.0  7590.5  7065.1  6520.6  5967.2  5461.3  4998.2  4573.6  4183.6  3815.8  3477.9  3168.5  2884.1  1430.3
    0.719   0.724   0.733   0.740   0.747   0.758   0.774   0.791   0.812   0.835   0.863   0.907   0.963   1.033   1.124   0.000
   45.979  38.252  31.761  28.876  26.242  23.709  21.294  19.127  17.182  15.434  13.863  12.439  11.158  10.005   8.965   3.678

  MACH =  0.400,  ALTITUDE =   9000.,  THRUSTS/FUEL FLOWS/SFCS/NOX RATIOS FOLLOW
  12656.1 11292.5  9999.1  9251.4  8460.2  7646.8  6899.2  6210.2  5574.0  4919.7  4310.9  3752.1  3191.2  2570.6  2034.3     0.0
   7343.0  6466.0  5661.3  5205.6  4743.0  4284.2  3868.2  3490.2  3146.2  2824.9  2532.8  2268.1  2015.3  1760.2  1539.5   702.4
    0.580   0.573   0.566   0.563   0.561   0.560   0.561   0.562   0.564   0.574   0.588   0.605   0.631   0.685   0.757   0.000
   28.963  23.989  19.811  17.588  15.523  13.626  11.965  10.507   9.224   8.090   7.092   6.213   5.410   4.648   3.997   2.317

  MACH =  0.400,  ALTITUDE =   4000.,  THRUSTS/FUEL FLOWS/SFCS/NOX RATIOS FOLLOW
  15356.6 13702.0 12132.7 11225.3 10265.4  9278.4  8371.3  7535.3  6763.3  5969.4  5230.7  4552.6  3872.2  3119.1  2468.4     0.0
   9092.9  8007.0  7010.5  6446.2  5873.3  5305.2  4790.1  4322.0  3896.0  3498.1  3136.4  2808.7  2495.5  2179.7  1906.4   869.8
    0.592   0.584   0.578   0.574   0.572   0.572   0.572   0.574   0.576   0.586   0.600   0.617   0.644   0.699   0.772   0.000
   37.176  30.792  25.429  22.576  19.925  17.490  15.358  13.487  11.840  10.385   9.104   7.975   6.944   5.966   5.131   2.974

  MACH =  0.400,  ALTITUDE =      0.,  THRUSTS/FUEL FLOWS/SFCS/NOX RATIOS FOLLOW
  17413.2 15537.1 13757.5 12728.7 11640.2 10521.0  9492.4  8544.5  7669.1  6768.9  5931.3  5162.4  4390.8  3536.9  2799.0     0.0
  10454.5  9205.9  8060.2  7411.5  6752.8  6099.6  5507.3  4969.2  4479.4  4022.0  3606.1  3229.2  2869.2  2506.1  2191.9  1000.1
    0.600   0.593   0.586   0.582   0.580   0.580   0.580   0.582   0.584   0.594   0.608   0.626   0.653   0.709   0.783   0.000
   43.549  36.070  29.789  26.446  23.340  20.488  17.991  15.798  13.870  12.165  10.664   9.342   8.134   6.989   6.010   3.484

  MACH =  0.200,  ALTITUDE =   5000.,  THRUSTS/FUEL FLOWS/SFCS/NOX RATIOS FOLLOW
  17139.4 15526.1 13970.6 12934.2 11856.4 10723.1  9683.0  8718.2  7753.8  6873.4  6048.0  5201.0  4308.5  3522.8  2790.8     0.0
   8376.2  7388.1  6478.8  5889.9  5305.4  4721.9  4199.2  3729.1  3298.8  2913.7  2568.2  2241.2  1921.8  1648.2  1410.6   670.1
    0.489   0.476   0.464   0.455   0.447   0.440   0.434   0.428   0.425   0.424   0.425   0.431   0.446   0.468   0.505   0.000
   33.102  27.373  22.573  19.675  17.051  14.667  12.623  10.863   9.341   8.028   6.890   5.871   4.933   4.145   3.483   2.648

  MACH =  0.200,  ALTITUDE =      0.,  THRUSTS/FUEL FLOWS/SFCS/NOX RATIOS FOLLOW
  20640.6 18697.6 16824.4 15576.3 14278.3 12913.6 11661.0 10499.1  9337.7  8277.5  7283.4  6263.4  5188.6  4242.5  3360.8     0.0
  10299.9  9084.9  7966.7  7242.6  6523.9  5806.4  5163.6  4585.5  4056.4  3582.9  3158.0  2755.9  2363.2  2026.7  1734.6   824.0
    0.499   0.486   0.474   0.465   0.457   0.450   0.443   0.437   0.434   0.433   0.434   0.440   0.455   0.478   0.516   0.000
   42.226  34.918  28.795  25.098  21.751  18.710  16.102  13.857  11.916  10.240   8.789   7.489   6.292   5.288   4.443   3.378

  MACH =  0.000,  ALTITUDE =   5000.,  THRUSTS/FUEL FLOWS/SFCS/NOX RATIOS FOLLOW
  20750.3 19004.1 17318.6 16056.9 14744.9 13359.8 12089.6 10859.9  9711.4  8623.9  7571.6  6377.9  5316.0  4299.0  3398.6     0.0
   8319.1  7343.5  6443.3  5792.9  5153.7  4520.9  3960.6  3458.0  3011.2  2614.6  2258.9  1900.5  1599.5  1342.3  1120.6   665.5
    0.401   0.386   0.372   0.361   0.350   0.338   0.328   0.318   0.310   0.303   0.298   0.298   0.301   0.312   0.330   0.000
   32.742  27.080  22.328  19.143  16.308  13.775  11.639   9.830   8.296   6.992   5.873   4.830   3.975   3.271   2.669   2.619

  MACH =  0.000,  ALTITUDE =      0.,  THRUSTS/FUEL FLOWS/SFCS/NOX RATIOS FOLLOW
  25000.0 22896.2 20865.5 19345.4 17764.7 16096.0 14565.5 13084.0 11700.3 10390.1  9122.3  7684.1  6404.8  5179.5  4094.6     0.0
  10240.2  9039.3  7931.2  7130.7  6343.9  5564.9  4875.2  4256.6  3706.6  3218.4  2780.6  2339.3  1968.9  1652.3  1379.4   819.2
    0.410   0.395   0.380   0.369   0.357   0.346   0.335   0.325   0.317   0.310   0.305   0.304   0.307   0.319   0.337   0.000
   41.802  34.574  28.507  24.441  20.821  17.586  14.860  12.550  10.592   8.926   7.498   6.166   5.075   4.176   3.407   3.344

# REVISED PROPULSION SYSTEM DATA
   BASELINE ENGINE THRUST     THRSO      25000.0  LBF
   BASELINE ENGINE WEIGHT     WENG        4545.5  LBF
   BASELINE INLET WEIGHT      WINL           0.0  LBF
   BASELINE NOZZLE WEIGHT     WNOZ           0.0  LBF
   BASELINE NACELLE LENGTH    XNAC         11.07  FT
   BASELINE NACELLE DIAMETER  DNAC          6.32  FT



# NAMELIST $MISSIN
  PERFORMANCE CONTROLS AND FACTORS AND MISSION SEGMENT DEFINITION


   DESCRIPTION                NAME         VALUE  DIMENSIONS

   ENDURANCE MISSION SWITCH   INDR             0
   OVERALL FUEL FLOW FACTOR   FACT        1.0000
   CDO FACTOR                 FCDO        1.0000
   CDI FACTOR                 FCDI        1.0000
   SUBSONIC CD FACTOR         FCDSUB      1.0000
   SUPERSONIC CD FACTOR       FCDSUP      1.0000
   ENGINE SCALING SWITCH      ISKAL            1
   OWE FACTOR                 OWFACT      1.0000
   PRINT FLAG                 IFLAG            0
   DETAILED MISSION PRINT     MSUMPT           0
   TEMPERATURE DEVIATION      DTC            0.0  DEG C
   CALC RAMP WT OR RANGE      IRW              2
   RANGE TOLERANCE            RTOL        0.0010  N MI
   ATA TRAFFIC ALLOWANCE      IATA             1
   TAIL WIND VELOCITY         TLWIND        0.00  KTS
   WEIGHT INCREMENT           DWT             1.  LBF

 GROUND OPERATIONS AND TAKEOFF INPUT
   TAKEOFF TIME               TAKOTM         0.4  MIN
   TAXI-OUT TIME              TAXOTM        10.0  MIN
   APPROACH TIME              APPRTM         0.0  MIN
   APPROACH FUEL FLOW FACTOR  APPFFF        2.00
   TAXI-IN TIME               TAXITM        10.0  MIN

   TAKEOFF POWER SETTING      ITTFF            1
   TAXI FUEL FLOWS WILL BE FROM THE ENGINE DECK

 INPUT FOR  1 CLIMB SCHEDULES                (1)
   MINIMUM CLIMB MACH NUMBER  CLMMIN      0.3000
   MAXIMUM CLIMB MACH NUMBER  CLMMAX      0.0000
   MINIMUM CLIMB ALTITUDE, FT CLAMIN          0.
   MAXIMUM CLIMB ALTITUDE, FT CLAMAX          0.
   NUMBER OF CLIMB STEPS      NINCL           31
   CLIMB OPTIMIZATION FACTOR  FWF        -1.0000
   FOLLOWING CRUISE SEGMENT   NCRCL            1
   DRAG COEFFICIENT INCREMENT CLDCD      0.00000
   NO. OF POWER SETTINGS      IPPCL            1
   STORE DRAG DURING CLIMB    ISTCL            0
   MAX CLIMB POWER SETTING    MAXCL            1
   FAA CLIMB ENFORCED         IFAACL           1
   FAA DESCENT ENFORCED       IFAADE           1
   MINIMUM CLIMB RATE SWITCH  NODIVE           0
   MINIMUM CLIMB RATE         DIVLIM          0.  FT/MIN
   Q LIMIT IN CLIMB           QLIM           0.0  PSF
   MAXIMUM RATE OF DESCENT    RDLIM     -99999.0  FT/MIN

 INPUT FOR  1 CRUISE SCHEDULES               (1)
   CRUISE OPTION SWITCH       IOC              1
   CRUISE OPT FUEL FACTOR     FFUEL        1.000
   CRUISE OPT NOX FACTOR      FNOX         0.000
   MAXIMUM MACH NUMBER        CRMACH      0.0000
   MAXIMUM ALTITUDE, FT       CRALT          -1.
   DRAG COEFFICIENT INCREMENT CRDCD      0.00000
   STORE DRAG DURING CRUISE   ISTCR            0
   LONG RANGE CRUISE FACTOR   FLRCR        1.000
   MINIMUM MACH NUMBER        CRMMIN      0.0000
   MAXIMUM LIFT COEFFICIENT   CRCLMX      0.0000
   ENGINE FEATHERING ALLOWED  IFEATH           0
   ENGINE FRACTION REMAINING  FEATHF      0.5000
   CD INCREASE FOR FEATHERING CDFETH     0.00000
   MIN CRUISE ALTITUDE, FT    HPMIN        1000.
   INCREMENT IN CRUISE WT.    DCWT           1.0  LBF
   RATE OF CLIMB CEILING      RCIN         100.0  FT/MIN

 INPUT FOR DESCENT SCHEDULE
   DESCENT OPTION SWITCH      IVS              1
   DESCENT LIFT COEFF.        DECL        0.8000
   MINIMUM DESCENT MACH NO.   DEMMIN      0.3000
   MAXIMUM DESCENT MACH NO.   DEMMAX      0.0000
   MINIMUM DESCENT ALTITUDE   DEAMIN          0.  FT
   MAXIMUM DESCENT ALTITUDE   DEAMAX          0.  FT
   NUMBER OF DESCENT STEPS    NINDE           31
   DRAG COEFFICIENT INCREMENT DEDCD      0.00000
   STORE DRAG DURING DESCENT  ISTDE            0

 RESERVE SEGMENT INPUT
   RESERVE CALC. OR CONST     IRS              2
   RESERVE FUEL               RESRFU    1050.000  LBM
   FRACTION OF TRIP FUEL      RESTRP       0.000
   RESERVE ALTERNATE ENERGY   RESRPW       0.000
   FRACTION OF TRIP ENERGY    RPWTRP       0.000
   MISSED APPROACH TIME       TIMMAP         0.0  MIN
   RANGE TO ALTERNATE AIRPORT ALTRAN         0.0  N MI
   RESERVE CLIMB SCHEDULE     NCLRES           1
   RESERVE CRUISE SCHEDULE    NCRRES           1
   START RESERVE MACH NUMBER  SREMCH      0.3000
   END RESERVE MACH NUMBER    EREMCH      0.3000
   START RESERVE ALTITUDE     SREALT          0.  FT
   END RESERVE ALTITUDE       EREALT          0.  FT
   RESERVE HOLDING TIME       HOLDTM         0.0  MIN
   HOLD CRUISE SCHEDULE       NCRHOL           1
   HOLD POSITION SWITCH       IHOPOS           1
   CRUISE ONLY SWITCH         ICRON            0
   2ND RES HOLD TIME OR FRAC  THOLD        0.000  MIN
   THOLD CRUISE SCHEDULE      NCRTH            1



# MISSION SEQUENCE DEFINITION

     START          MACH NUMBER = 0.3000          ALTITUDE =        0. FT

  1. CLIMB          USE CLIMB SCHEDULE  1

  2. CRUISE         USE CRUISE SCHEDULE 1         END CRUISE DISTANCE =     0.0 N MI

  3. DESCENT

  4. END            MACH NUMBER = 0.3000          ALTITUDE =        0. FT



# NAMELIST $TOLIN
  DETAILED TAKEOFF AND LANDING INPUT DATA

   DESCRIPTION                NAME         VALUE  DIMENSIONS

   AIRPORT ALTITUDE           APA             0.  FT
   DELTA TEMPERATURE          DTCT          10.0  DEG C
   REFERENCE WING AREA        SWREF       1300.0  SQ FT
   REFERENCE ASPECT RATIO     ARRET      11.0000
   WING HEIGHT ABOVE GROUND   WHGT         13.60  FT
   ANGLE OF ATTACK ON GROUND  ALPRUN       -1.00  DEG
   THRUST INCIDENCE ON GRND   TINC         -4.50  DEG
   COEF. OF ROLLING FRICTION  ROLLMU      0.0200
   COEF. OF FRICTION W/BRAKES BRAKMU      0.3000
   LANDING GEAR DRAG COEF.    CDGEAR    0.009760
   ENGINE OUT DELTA CD        CDEOUT    0.000000
   SPOILER LIFT COEFFICIENT   CLSPOL    0.000000
   SPOILER DRAG COEFFICIENT   CDSPOL    0.000000
   GROUND EFFECTS SWITCH      INCGEF           1
   AR FACTOR FOR GRND EFF.    ARGEF      1.00000
   PROFILE PRINT SWITCH       ITIME            0

 INPUT DATA FOR TAKEOFF
   MAXIMUM LIFT COEFFICIENT   CLTOM     2.800000
   MINIMUM DRAG COEFFICIENT   CDMTO     0.007730
   WING FRACTION OF CDMTO     FCDMTO     0.45000
   MAXIMUM ANGLE OF ATTACK    ALMXTO       16.00  DEG
   OBSTACLE HEIGHT            OBSTO        35.00  FT
   MAX ALPHA DURING ROTATION  ALPROT       10.00  DEG
   ROTATION VELOCITY          VROTAT       1.050  KTS OR % VSTALL
   ROTATION RATE              VANGL       2.0000  DEG/SEC
   THRUST MULTIPLIER          THFACT     1.00000
   TAKEOFF LIFT FACTOR        FTOCL       1.0000
   TAKEOFF DRAG FACTOR        FTOCD       1.0000
   GEAR RETRACT AT OBSTACLE ? IGOBS            0
   TIME DELAY AFTER L.O./OBS  TDELG         0.00  SEC
   TIME REQ. TO RETRACT GEAR  TIGEAR       10.00  SEC
   PILOT REACTION TIME        PILOTT        1.00  SEC
   GROUND RUN VELOCITY STEP   DELVTO        5.00  FT/SEC
   ROTATION TIME STEP         DELTRO       0.200  SEC
   CLIMBOUT TIME STEP         DELTCL       0.200  SEC
   BALANCED FIELD LENGTH ?    IBAL             1
   SPOILERS DURING ABORT ?    ISPOL            1
   ABORT THRUST REV. OPTION   IREV             1
   THRUST INPUT OPTION        INTHTO           2
   TAXI OUT FUEL SWITCH       ITXOUT           0

 TAKEOFF DRAG POLAR - GEAR DRAG NOT INCLUDED

   ANGLE OF ATTACK    ALPTO      -4.00     -2.00      0.00      2.50      5.00      7.50     10.00     12.50     15.00     16.00
   LIFT COEFFICIENT   CLTO    0.150000  0.325000  0.500000  0.675000  0.937500  1.156300  1.375000  1.593800  1.812500  1.900000
   DRAG COEFFICIENT   CDTO    0.007000  0.009000  0.014000  0.022000  0.034000  0.050000  0.072000  0.100000  0.134000  0.175000

 INPUT NET THRUST VALUES PER ENGINE DURING TAKEOFF
   VELOCITY, FT/SEC   VELTO        0.0      50.0     100.0     150.0     200.0     250.0     300.0     350.0     400.0     450.0
   THRUST, LB         THRTO        0.0       0.0       0.0       0.0       0.0       0.0       0.0       0.0       0.0       0.0

 INPUT DATA FOR LANDING
   MAXIMUM LIFT COEFFICIENT   CLLDM     2.800000
   MINIMUM DRAG COEFFICIENT   CDMLD     0.008100
   WING FRACTION OF CDMLD     FCDMLD     0.46000
   MAXIMUM ANGLE OF ATTACK    ALMXLD       15.00  DEG
   OBSTACLE HEIGHT            OBSLD        50.00  FT
   START APPROACH HEIGHT      APRHGT      100.00  FT
   APPROACH FLIGHT PATH ANGLE APRANG       -3.00  DEG
   DELTA APPROACH VELOCITY    DVAPP         0.00  KTS
   LANDING LIFT FACTOR        FLDCL       1.0000
   LANDING DRAG FACTOR        FLDCD       1.0000
   SINK RATE AT TOUCH DOWN    TDSINK      0.0000  FT/SEC
   FLARE RATE                 VANGLD      2.0000  DEG/SEC
   NO FLARE ON LANDING ?      NOFLAR           0
   TIME TO SPOILER ACTUATION  TISPOL        2.00  SEC
   TIME TO ENGINE CUTBACK     TICUT         3.00  SEC
   TIME TO BRAKE APPLICATION  TIBRAK        4.00  SEC
   DECELERATION LIMIT         ACCLIM       16.00  FT/SEC2
   MISSED APPROACH GEAR UP    MAGRUP           0
   APPROACH ALTITUDE STEP     DELHAP       10.00  FT
   FLARE DISTANCE STEP        DELDFL       10.00  FT
   RUNOUT TIME STEP           DELTRN        0.25  SEC
   THRUST INPUT OPTION        INTHLD           2

 LANDING DRAG POLAR - GEAR DRAG NOT INCLUDED

   ANGLE OF ATTACK    ALPLD      -8.00     -4.00      0.00      4.00      8.00     12.00     14.00     16.00     18.00     20.00
   LIFT COEFFICIENT   CLLD   -0.100000  0.250000  0.600000  0.975000  1.350000  1.725000  1.913000  2.100000  2.150000  2.110000
   DRAG COEFFICIENT   CDLD    0.010000  0.008000  0.017000  0.031000  0.033000  0.040000  0.060000  0.097000  0.144000  0.201000

 INPUT NET THRUST VALUES PER ENGINE DURING LANDING
   VELOCITY, FT/SEC   VELLD        0.0      50.0     100.0     150.0     200.0     250.0     300.0     350.0     400.0     450.0
   THRUST, LB         THRLD        0.0       0.0       0.0       0.0       0.0       0.0       0.0       0.0       0.0       0.0

 A DETAILED TAKEOFF PROFILE FOR NOISE CALCULATIONS WILL BE GENERATED

 NOISE CALCULATIONS WILL BE PERFORMED



# NAMELIST $PROIN
  INPUT DATA FOR CLIMB PROFILE FOR NOISE CALCULATIONS

   DESCRIPTION                NAME         VALUE  DIMENSIONS

   PROFILE PRINT SWITCH       NTIME            0
   PROFILE OUTPUT FILE SWITCH NPFILE           0
   MAXIMUM POWER CODE         IPCMAX           1
   USE KNOTS EQUIV FOR VFIX   KEAS             0
   TAXI OUT FUEL              TXF          -1.00  LB
   MINIMUM CLIMB ALPHA        ALPMIN        0.00  DEG
   MINIMUM FLIGHT PATH ANGLE  GAMLIM        0.00  DEG

 TAKEOFF AND CLIMB DRAG POLARS - GEAR DRAG NOT INCLUDED

 FLAP SETTING   DFLAP =  1.00     FLAP ID - TOFF  
   ANGLE OF ATTACK    ALPRO      -4.00     -2.00      0.00      2.50      5.00      7.50     10.00     12.50     15.00     16.00
   LIFT COEFFICIENT   CLPRO   0.150000  0.325000  0.500000  0.675000  0.937500  1.156300  1.375000  1.593800  1.812500  1.900000
   DRAG COEFFICIENT   CDPRO   0.007000  0.009000  0.014000  0.022000  0.034000  0.050000  0.072000  0.100000  0.134000  0.175000


#  NAMELISTS $SEGIN
   TAKEOFF AND CLIMB SEGMENT DEFINITION INPUT DATA

 SEGMENT   KEY  IFIX  NFLAP    DSTOP   TSTOP   VSTOP    HSTOP     HMIN    AFIX    GFIX    VFIX   ENGSCL   DELT GRDAEO GRDOEO SPRATE

    1     ROTA    1     1    35000.0     0.0     0.0     35.0      0.0    0.00    0.00     0.0    0.965   1.00  2.291  0.000  0.100
    2     LIFT    1     1    35000.0     0.0     0.0     35.0      0.0    0.00    0.00     0.0    0.000   0.20  2.291  0.000  0.100
    3     OBST    1     1    35000.0     0.0     0.0     35.0      0.0    0.00    0.00     0.0    0.000   0.20  2.291  0.000  0.100
    4     CHAN    1     1    35000.0     0.0     0.0    689.0      0.0    0.00    0.00    10.0    0.000   1.00  2.291  0.000  0.100
    5     CUTB    1     1    35000.0     0.0     0.0      0.0      0.0    0.00    0.00     0.0    0.000   1.00  2.291  0.000  0.100
    6     LAST    1     1    35000.0     0.0     0.0      0.0      0.0    0.00    0.00     0.0    0.000   1.00  2.291  0.000  0.100



# NAMELIST $NOISIN
  DATA FOR NOISE CALCULATIONS

   DESCRIPTION                NAME         VALUE  DIMENSIONS

   SIZE OF TIME INCREMENT     TDI           1.00  SEC
   PRINT NOISE HISTORIES      NDPRT            0
   PRINT GEOMETRIC RELATIONS  IGEOM            0
   LIMITING NOISE LEVEL       DELDB         30.0  DB
   ENGINE HEIGHT AT TAXI      HENG          6.00  FT
   THRUST OF BASELINE ENGINE  THRN       25000.0  LB
   PERCENT RELATIVE HUMIDITY  RH            70.0  %
   FRACTION OF FILTER BANDW.  FILBW        1.000
      WITH GAIN OF 1

 NOISE SOURCES
   JET/SHOCK CELL NOISE       IJET             1
   FAN NOISE                  IFAN             1
   CORE NOISE                 ICORE            1
   TURBINE NOISE              ITURB            1
   PROPELLER NOISE            IPROP            0
   FLAP/JET INTERACTION       IFLAP            0
   AIRFRAME NOISE             IAIRF            1
   GEAR BOX NOISE             IGEAR            0

 ADDITIONAL FACTORS AFFECTING NOISE
   SUPPRESSION WHEN AVAIL.    ISUPP            1
   DOPPLER AMP. AND SHIFT     IDOP             1
   GROUND REFLECTION          IGND             1
   ATMOSPHERIC ABSORPTION     IATM             1
   EXTRA GROUND ATTENUATION   IEGA             0
   SHIELDING OF SOURCES       ISHLD            0
   TRADE 2 DB FLYOVR/SIDELNE  ITRADE           0

 ENGINE NOISE PARAMETERS
   SIZE OF PARAMETER ARRAYS   NPARAM          15
   CORRECT TO AMBIENT COND.   ICORR            0
   CORE TEMP. CORR. EXPONENT  TCORXP         1.0

 UNSCALED ENGINE NOISE PARAMETER ARRAYS

    AEPP   1.0000   0.8968   0.8003   0.7415   0.6775   0.6140   0.5557   0.5020   0.4502   0.3996   0.3530   0.3091   0.2593
           0.2131   0.1716
  AWAFAN   775.12   745.03   715.63   697.07   676.19   654.78   634.51   615.27   595.64   575.14   555.57   535.50   510.01
           483.88   457.73
    ARPM   9400.0   9000.0   8600.0   8200.0   7800.0   7400.0   7000.0   6600.0   6200.0   5800.0   5400.0   5000.0   4600.0
           4400.0   4200.0
   ADELT    61.59    57.31    53.23    50.71    47.91    45.04    42.33    39.75    37.33    35.09    32.92    30.70    27.98
            25.17    22.42
    AFPR    1.415    1.380    1.347    1.327    1.306    1.285    1.265    1.247    1.229    1.211    1.194    1.177    1.156
            1.135    1.116
  AWCORE   103.68    96.48    89.67    85.49    80.59    75.56    70.92    66.64    62.59    58.75    55.16    51.79    47.73
            43.88    40.42
   AFUEL    2.837    2.495    2.186    2.004    1.814    1.632    1.468    1.319    1.183    1.058    0.945    0.842    0.736
            0.641    0.558
     AP3 81346.48 74297.98 67741.77 63759.14 59302.89 54833.91 50742.69 46989.77 43487.13 40198.98 37158.88 34331.78 31092.25
         28070.05 25384.46
     AT3   1639.8   1597.0   1554.5   1527.1   1498.8   1470.1   1441.8   1413.8   1386.0   1358.6   1331.2   1303.7   1274.1
           1244.0   1214.1
     AT4   3297.2   3178.8   3060.4   2983.9   2907.4   2830.9   2754.5   2678.0   2601.5   2525.0   2448.5   2372.0   2295.6
           2219.1   2142.6
  ATCTUR  1845.88  1769.64  1693.89  1645.21  1596.48  1547.84  1499.50  1451.50  1404.00  1357.09  1310.70  1266.70  1226.72
          1189.98  1155.87
     AVC  1902.81  1864.13  1824.95  1799.49  1773.82  1747.88  1721.62  1694.92  1667.77  1640.17  1576.28  1462.26  1338.31
          1221.31  1114.68
     AVF   848.64   819.04   789.88   771.34   750.68   729.46   709.16   689.73   669.73   648.67   628.38   607.15   579.97
           551.60   522.70
     ATC  1845.88  1769.64  1693.89  1645.21  1596.48  1547.84  1499.50  1451.50  1404.00  1357.09  1310.70  1266.70  1226.72
          1189.98  1155.87
     ATF   588.39   584.10   580.03   577.51   574.70   571.84   569.12   566.55   564.13   561.88   559.72   557.49   554.78
           551.96   549.22
     AAC    1.229    1.229    1.229    1.229    1.229    1.229    1.229    1.229    1.229    1.229    1.229    1.229    1.229
            1.229    1.229
     AAF   10.649   10.649   10.649   10.649   10.649   10.649   10.649   10.649   10.649   10.649   10.649   10.649   10.649
           10.649   10.649
     ADJ     1.25     1.25     1.25     1.25     1.25     1.25     1.25     1.25     1.25     1.25     1.25     1.25     1.25
             1.25     1.25
    ADJ2     0.69     0.69     0.69     0.69     0.69     0.69     0.69     0.69     0.69     0.69     0.69     0.69     0.69
             0.69     0.69
   AMSP9     3.91     3.57     3.26     3.07     2.86     2.65     2.46     2.28     2.11     1.96     1.82     1.69     1.57
             1.47     1.39
  AMSTT3  1845.88  1769.64  1693.89  1645.21  1596.48  1547.84  1499.50  1451.50  1404.00  1357.09  1310.70  1266.70  1226.72
          1189.98  1155.87
   AMSA9     1.23     1.23     1.23     1.23     1.23     1.23     1.23     1.23     1.23     1.23     1.23     1.23     1.23
             1.23     1.23
  AMSAA8     1.23     1.23     1.23     1.23     1.23     1.23     1.23     1.23     1.23     1.23     1.23     1.23     1.23
             1.23     1.23
  AMSTT4  1845.88  1769.64  1693.89  1645.21  1596.48  1547.84  1499.50  1451.50  1404.00  1357.09  1310.70  1266.70  1226.72
          1189.98  1155.87
   AMSP4     1.46     1.42     1.39     1.37     1.35     1.33     1.31     1.29     1.27     1.25     1.24     1.22     1.20
             1.18     1.16
  AMSTT5   588.39   584.10   580.03   577.51   574.70   571.84   569.12   566.55   564.13   561.88   559.72   557.49   554.78
           551.96   549.22
   AMSP5     1.46     1.42     1.39     1.37     1.35     1.33     1.31     1.29     1.27     1.25     1.24     1.22     1.20
             1.18     1.16

 JET NOISE DATA
   COAXIAL NOZZLE             INOZ             0
   PLUG NOZZLE                IPLUG            0
   SLOT NOZZLE                ISLOT            0
   FORWARD VELOCITY EFFECTS   IFWD             1
   SHOCK NOISE AMP. EXPONENT  EJDOP          1.0
   CALCULATE SHOCK NOISE      ISHOCK           1

   DESIGN CORE MACH NUMBER    ZMDC         1.000
   CORE EXHAUST GAMMA         GAMMAC       1.360
   CORE EXHAUST GAS CONSTANT  GASRC        53.38  FT-LB/LBM-R
   CORE NOZZLE HYDR. DIAM.    DHC          44.19  FT
   CORE NOZZLE ANNULUS HT.    ANNHT         0.00  FT

   DESIGN FAN MACH NUMBER     ZMDF         1.000
   FAN EXHAUST GAMMA          GAMMAP       1.400
   FAN EXHAUST GAS CONSTANT   GASRF        53.35  FT-LB/LBM-R
   FAN NOZZLE HYDR. DIAM.     DHF           0.00  FT
   FAN NOZZLE ANNULUS HT.     ANNHTF        0.00  FT
   INNER/OUTER NOZZLE EXIT    ZL2           0.00  FT
     PLANE, AXIAL STAGGER

 JET SUPPRESSION SPECTRUM
   19.0000   19.0000   19.0000   19.0000   19.0000   19.0000   19.0000   19.0000   19.0000   19.0000   19.0000   19.0000
   19.0000   19.0000   19.0000   19.0000   19.0000   19.0000   19.0000   19.0000   19.0000   19.0000   19.0000   19.0000

 FAN NOISE DATA
   INLET GUIDE VANES          IGV              0
   INLET FLOW DISTORTION      IFD              0
   INLET/EXHAUST/BOTH         IEXH             2
   FAN HUB DIAMETER           FANHUB        1.90  FT
   NUMBER OF HARMONICS OF     NFH             10
     BLADE-PASSING TONE
   GAMMA OF FAN AIR           GAMMAF        1.40
   TIP MACH NUMBER METHOD     METHTIP          1
   COMBINATION TONE SWITCH    ICOMB            1
   DECREMENT TO COMB. TONES   DECMPT        0.00  DB
   NUMBER OF FAN STAGES       NSTG             1

 FIRST STAGE VARIABLES
   NUMBER OF FAN BLADES       NBL             36
   NUMBER OF STATOR VANES     NVAN             3
   FAN DIAMETER               FANDIA       6.100  FT
   DESIGN REL. TIP MACH NO.   TIPMD        1.200
   ROTOR-STATOR SPACING       RSS        100.000  %
   FAN EFFICIENCY             FANEFF      0.8800
   EXPONENT FOR SOURCE MOTION EFDOP        4.000
     AMPLIFICATION

 INLET SUPPRESSION SPECTRUM
   16.0000   16.0000   16.0000   16.0000   16.0000   16.0000   16.0000   16.0000   16.0000   16.0000   16.0000   16.0000
   16.0000   16.0000   16.0000   16.0000   16.0000   16.0000   16.0000   16.0000   16.0000   16.0000   16.0000   16.0000

 EXHAUST SUPPRESSION SPECTRUM
   17.0000   17.0000   17.0000   17.0000   17.0000   17.0000   17.0000   17.0000   17.0000   17.0000   17.0000   17.0000
   17.0000   17.0000   17.0000   17.0000   17.0000   17.0000   17.0000   17.0000   17.0000   17.0000   17.0000   17.0000

 CORE NOISE DATA
   EXPONENT FOR SOURCE MOTION ECDOP        2.000
     AMPLIFICATION
   CORE GAMMA                 GAMMA       1.4000
   USE MOD. CORE LEVEL PRED.  IMOD             0
   DESIGN TURBINE TEMP. DROP  DTEMD         0.00  DEG. R

 CORE SUPPRESSION SPECTRUM
   16.0000   16.0000   16.0000   16.0000   16.0000   16.0000   16.0000   16.0000   16.0000   16.0000   16.0000   16.0000
   16.0000   16.0000   16.0000   16.0000   16.0000   16.0000   16.0000   16.0000   16.0000   16.0000   16.0000   16.0000

 TURBINE NOISE DATA
   TURBINE LAST STAGE DIAM.   TBNDIA       3.000  FT
   GEAR RATIO, TURBINE/FAN    GEAR        1.0000
   RATIO OF STATOR CHORD TO   CS           0.900
     ROTOR SPACING
   NO. LAST STAGE ROTORS      NBLR            88
   TURBOFAN OR TURBOJET       ITYPTB           0
   EXPONENT FOR SOURCE MOTION ETDOP        4.000
     AMPLIFICATION

 TURBINE SUPPRESSION SPECTRUM
   16.0000   16.0000   16.0000   16.0000   16.0000   16.0000   16.0000   16.0000   16.0000   16.0000   16.0000   16.0000
   16.0000   16.0000   16.0000   16.0000   16.0000   16.0000   16.0000   16.0000   16.0000   16.0000   16.0000   16.0000

 AIRFRAME NOISE DATA
   INCLUDE WING AND EMPENNAGE IWING            1
   INCLUDE SLOTTED FLAP NOISE IFL              1
   AVERAGE SLOTTED FLAP CHORD PFCHD       0.2500
   INCLUDE SLATTED L.E. NOISE ISLAT            1
   INCLUDE LANDING GEAR NOISE ILG             -1
   CLEAN/CONVENTIONAL CONFIG  ICLEAN           0
   TYPE OF WING               ITYPW            1
   NUMBER OF T.E. FLAP SLOTS  NF               2
   NUMBER OF NOSE GEAR        NG(1)            1
   NUMBER OF MAIN GEAR        NG(2)            2
   NO. WHEELS PER NOSE GEAR   NW(1)            2
   NO. WHEELS PER MAIN GEAR   NW(2)            2
   DIAMETER OF NOSE TIRES     DW(1)         3.00  FT
   DIAMETER OF MAIN TIRES     DW(2)         3.00  FT
   STRUT LNGTH/NOSE TIRE DIAM CG(1)         3.00
   STRUT LNGTH/MAIN TIRE DIAM CG(2)         3.00


#TITLE, BEGIN OUTPUT OF RESULTS

 NOISE CALCULATIONS                                                              

 FINAL ANALYSIS                 


# OUTPUT FROM THE WEIGHTS MODULE

   DESCRIPTION                               VALUE  DIMENSIONS

   WING BENDING FACTOR                     12.8074
   ENGINE INERTIA RELIEF FACTOR           0.940000

   WING WEIGHT BREAKDOWN
        TERM 1                              8549.1  LB
        TERM 2                              7233.9  LB
        TERM 3                              1640.5  LB

   WING SPAN                                119.58  FT
   WING GLOVE AREA                            0.00  SQ FT

   HORIZONTAL TAIL AREA                      82.72  SQ FT
      MODIFIED VOLUME COEFFICIENT         0.799000
   VERTICAL TAIL AREA                        74.02  SQ FT
      MODIFIED VOLUME COEFFICIENT         0.065000

   NACELLE LENGTH                            11.07  FT
   NACELLE DIAMETER                           6.32  FT

   LENGTH OF MAIN GEAR                      112.84  IN
   LENGTH OF NOSE GEAR                       78.99  IN

   MAXIMUM LANDING WEIGHT                 145200.0  LB

   WING FUEL CAPACITY                      29769.8  LB
   FUSELAGE FUEL CAPACITY                  16000.0  LB
   AUXILIARY TANK CAPACITY                     0.0  LB
      TOTAL FUEL CAPACITY                  45769.8  LB
      EXCESS FUEL CAPACITY                 -2330.8  LB

   * * * INSUFFICIENT FUEL CAPACITY * * *

    MASS AND BALANCE SUMMARY                  PERCENT WREF       POUNDS     PERCENT LREF  HORI CG-INCHES
         WING                                     10.56         17423.            0.0            0.0
         HORIZONTAL TAIL                           0.23           373.            0.0            0.0
         VERTICAL TAIL                             0.21           351.            0.0            0.0
         VERTICAL FIN                              0.00             0.            0.0            0.0
         CANARD                                    0.00             0.            0.0            0.0
         FUSELAGE                                 11.38         18775.            0.0            0.0
         LANDING GEAR                              4.88          8058.            0.0            0.0
         NACELLE (AIR INDUCTION)                   0.81          1341.            0.0            0.0
    STRUCTURE TOTAL                            (  28.07)     (  46321.)        (  0.0)       (   0.0)
         ENGINES                                   5.51          9091.            0.0            0.0
         THRUST REVERSERS                          0.00             0.            0.0           66.4
         MISCELLANEOUS SYSTEMS                     0.29           471.            0.0            0.0
         FUEL SYSTEM-TANKS AND PLUMBING            0.41           669.            0.0            0.0
    PROPULSION TOTAL                           (   6.20)     (  10231.)        (  0.0)       (   0.0)
         SURFACE CONTROLS                          1.05          1725.            0.0            0.0
         AUXILIARY POWER                           0.60           991.            0.0            0.0
         INSTRUMENTS                               0.30           494.            0.0            0.0
         HYDRAULICS                                0.68          1122.            0.0            0.0
         ELECTRICAL                                1.20          1976.            0.0            0.0
         AVIONICS                                  0.84          1387.            0.0            0.0
         FURNISHINGS AND EQUIPMENT                 8.49         14013.            0.0            0.0
         AIR CONDITIONING                          0.94          1554.            0.0            0.0
         ANTI-ICING                                0.12           198.            0.0            0.0
    SYSTEMS AND EQUIPMENT TOTAL                (  14.22)     (  23460.)        (  0.0)       (   0.0)

    WEIGHT EMPTY                                  48.49         80012.            0.0            0.0

         CREW AND BAGGAGE-FLIGHT, 2                0.27           450.            0.0            0.0
                         -CABIN,  4                0.38           620.            0.0            0.0
         UNUSABLE FUEL                             0.30           491.            0.0            0.0
         ENGINE OIL                                0.07           118.            0.0            0.0
         PASSENGER SERVICE                         1.60          2633.            0.0            0.0
         CARGO CONTAINERS                          0.74          1225.            0.0            0.0

    OPERATING WEIGHT                              51.85         85549.            0.0            0.0

         PASSENGERS,     150                      15.00         24750.            0.0            0.0
         PASSENGER BAGGAGE                         4.00          6600.            0.0            0.0
         CARGO                                     0.00             0.            0.0            0.0

    ZERO FUEL WEIGHT                              70.85        116899.            0.0            0.0

         MISSION FUEL                             29.15         48101.            0.0            0.0

    RAMP (GROSS) WEIGHT                          100.00        165000.            0.0            0.0

# AERODYNAMIC DATA

 MACH NUMBER       ALTITUDE     REFERENCE AREA     TECHNOLOGY LEVEL
     0.78         39000. FT      1300.00 SQ FT           1.50

   COMPONENT              SWET      LENGTH    FINENESS     FORM       RN       CF         CDF
                          SQ FT       FT        RATIO     FACTOR   MILLIONS
 WING                   2230.39      10.87     0.1100      1.425     17.0    0.00257    0.00630
 HORIZONTAL TAIL         137.70       3.88     0.1100      1.425      6.1    0.00305    0.00046
 VERTICAL TAIL           151.20       5.19     0.1100      1.425      8.1    0.00290    0.00048
 FUSELAGE               4518.45     136.51    10.7996      1.081    213.9    0.00178    0.00669
 NACELLE                 196.00      11.07     1.7500      2.798     17.3    0.00257    0.00108
 NACELLE                 196.00      11.07     1.7500      2.798     17.3    0.00257    0.00108
 MISCELLANEOUS                                                                          0.00097

  TOTAL                 7429.75                                              0.00298    0.01706

       CHANGE IN DRAG COEFFICIENT FROM CRUISE ALTITUDE
 ALTITUDE                                 MACH NUMBER
             0.200    0.300    0.400    0.500    0.600    0.700    0.750    0.775    0.800    0.825    0.850
       0.  -0.00397 -0.00361 -0.00338 -0.00320 -0.00305 -0.00293 -0.00288 -0.00285 -0.00283 -0.00280 -0.00278
    5000.  -0.00359 -0.00326 -0.00305 -0.00289 -0.00276 -0.00265 -0.00260 -0.00257 -0.00255 -0.00253 -0.00251
   10000.  -0.00318 -0.00289 -0.00270 -0.00255 -0.00244 -0.00234 -0.00230 -0.00228 -0.00226 -0.00224 -0.00222
   15000.  -0.00274 -0.00249 -0.00232 -0.00220 -0.00210 -0.00202 -0.00198 -0.00196 -0.00194 -0.00193 -0.00191
   20000.  -0.00227 -0.00206 -0.00192 -0.00182 -0.00174 -0.00167 -0.00164 -0.00162 -0.00161 -0.00159 -0.00158
   25000.  -0.00177 -0.00160 -0.00150 -0.00142 -0.00135 -0.00130 -0.00127 -0.00126 -0.00125 -0.00124 -0.00123
   30000.  -0.00122 -0.00111 -0.00103 -0.00098 -0.00093 -0.00090 -0.00088 -0.00087 -0.00086 -0.00085 -0.00085
   35000.  -0.00064 -0.00057 -0.00054 -0.00051 -0.00048 -0.00046 -0.00045 -0.00045 -0.00045 -0.00044 -0.00044
   40000.   0.00018  0.00016  0.00015  0.00014  0.00013  0.00013  0.00013  0.00012  0.00012  0.00012  0.00012
   45000.   0.00110  0.00099  0.00092  0.00087  0.00083  0.00079  0.00078  0.00077  0.00076  0.00075  0.00075
   50000.   0.00207  0.00187  0.00173  0.00163  0.00156  0.00149  0.00146  0.00145  0.00143  0.00142  0.00141
   55000.   0.00311  0.00280  0.00260  0.00245  0.00233  0.00223  0.00219  0.00217  0.00215  0.00213  0.00211
   60000.   0.00422  0.00379  0.00352  0.00331  0.00315  0.00302  0.00296  0.00293  0.00290  0.00287  0.00285

           DRAG POLARS     ALTITUDE = 39000. FT
 MACH                                                  CL
         0.150   0.200   0.250   0.300   0.350   0.400   0.450   0.500   0.550   0.600   0.650   0.700   0.750   0.800   0.850
 0.200  0.02312 0.02345 0.02406 0.02495 0.02612 0.02755 0.02918 0.03080 0.03323 0.03584 0.03862 0.04175 0.04523 0.04927 0.05378
 0.300  0.02162 0.02195 0.02256 0.02345 0.02462 0.02605 0.02768 0.02929 0.03173 0.03434 0.03712 0.04025 0.04373 0.04777 0.05228
 0.400  0.02059 0.02092 0.02153 0.02242 0.02359 0.02502 0.02665 0.02827 0.03070 0.03331 0.03609 0.03922 0.04270 0.04674 0.05125
 0.500  0.01980 0.02012 0.02072 0.02162 0.02280 0.02422 0.02584 0.02748 0.02989 0.03251 0.03529 0.03841 0.04189 0.04593 0.05044
 0.600  0.01932 0.01963 0.02023 0.02114 0.02233 0.02374 0.02535 0.02702 0.02940 0.03202 0.03480 0.03792 0.04140 0.04544 0.04995
 0.700  0.01929 0.01955 0.02014 0.02107 0.02231 0.02369 0.02525 0.02698 0.02931 0.03193 0.03471 0.03783 0.04131 0.04535 0.04986
 0.750  0.01943 0.01964 0.02023 0.02118 0.02245 0.02381 0.02535 0.02711 0.02937 0.03194 0.03477 0.03797 0.04158 0.04580 0.05054
 0.775  0.01964 0.01983 0.02041 0.02137 0.02268 0.02403 0.02554 0.02731 0.02954 0.03205 0.03517 0.03880 0.04300 0.04803 0.05377
 0.800  0.02014 0.02024 0.02080 0.02181 0.02320 0.02456 0.02606 0.02787 0.03040 0.03340 0.03749 0.04203 0.04697 0.05226 0.05791
 0.825  0.02153 0.02144 0.02195 0.02306 0.02466 0.02621 0.02798 0.03036 0.03374 0.03808 0.04255 0.04815 0.05483 0.06246 0.07108
 0.850  0.03221 0.03157 0.03196 0.03337 0.03572 0.03844 0.04182 0.04624 0.05186 0.05753 0.06331 0.06915 0.07502 0.08120 0.08754

  DESIGN MACH NUMBER = 0.800, DESIGN CL = 0.540

       MACH               CDF                 CDC               BUFFET CL

      0.200             0.02211             0.00000               1.462
      0.300             0.02061             0.00000               1.391
      0.400             0.01958             0.00000               1.280
      0.500             0.01878             0.00000               1.147
      0.600             0.01810             0.00019               1.025
      0.700             0.01750             0.00070               0.881
      0.750             0.01722             0.00105               0.783
      0.775             0.01709             0.00135               0.728
      0.800             0.01695             0.00186               0.668
      0.825             0.01682             0.00310               0.594
      0.850             0.01669             0.01318               0.511

        CL                CDI

      0.150             0.00065
      0.200             0.00116
      0.250             0.00181
      0.300             0.00260
      0.350             0.00354
      0.400             0.00463
      0.450             0.00586
      0.500             0.00723
      0.550             0.00875
      0.600             0.01042
      0.650             0.01223
      0.700             0.01418
      0.750             0.01628
      0.800             0.01852
      0.850             0.02091

           PRESSURE DRAG COEFFICIENTS...CDP
 MACH                                                  CL
         0.150   0.200   0.250   0.300   0.350   0.400   0.450   0.500   0.550   0.600   0.650   0.700   0.750   0.800   0.850
 0.200  0.00036 0.00018 0.00014 0.00023 0.00046 0.00081 0.00121 0.00145 0.00236 0.00331 0.00429 0.00546 0.00684 0.00864 0.01076
 0.300  0.00036 0.00018 0.00014 0.00023 0.00046 0.00081 0.00121 0.00145 0.00237 0.00331 0.00429 0.00546 0.00684 0.00864 0.01076
 0.400  0.00036 0.00018 0.00014 0.00023 0.00046 0.00081 0.00121 0.00145 0.00236 0.00331 0.00429 0.00546 0.00684 0.00864 0.01076
 0.500  0.00037 0.00018 0.00014 0.00024 0.00048 0.00081 0.00121 0.00147 0.00236 0.00331 0.00429 0.00546 0.00684 0.00864 0.01076
 0.600  0.00039 0.00018 0.00014 0.00025 0.00050 0.00082 0.00121 0.00150 0.00236 0.00331 0.00429 0.00546 0.00684 0.00864 0.01076
 0.700  0.00045 0.00020 0.00014 0.00027 0.00057 0.00086 0.00120 0.00155 0.00236 0.00331 0.00429 0.00546 0.00684 0.00864 0.01076
 0.750  0.00051 0.00022 0.00015 0.00031 0.00064 0.00091 0.00122 0.00161 0.00235 0.00326 0.00428 0.00553 0.00704 0.00901 0.01136
 0.775  0.00056 0.00024 0.00016 0.00034 0.00070 0.00096 0.00124 0.00165 0.00235 0.00320 0.00451 0.00619 0.00829 0.01107 0.01442
 0.800  0.00067 0.00027 0.00018 0.00039 0.00085 0.00112 0.00139 0.00182 0.00284 0.00417 0.00645 0.00904 0.01188 0.01493 0.01819
 0.825  0.00095 0.00036 0.00022 0.00053 0.00119 0.00166 0.00220 0.00320 0.00507 0.00774 0.01040 0.01405 0.01862 0.02401 0.03025
 0.850  0.00169 0.00054 0.00028 0.00089 0.00230 0.00394 0.00609 0.00914 0.01323 0.01724 0.02121 0.02510 0.02887 0.03281 0.03676


# SIZING AND PERFORMANCE RESULTS

  CONFIGURATION DATA AFTER RESIZING (IF ANY)

     OPERATING WEIGHT EMPTY     85549.4 LB
     PAYLOAD                    31350.0 LB
     MAXIMUM FUEL               48100.6 LB
     GROSS WEIGHT              165000.0 LB

     REFERENCE WING AREA        1300.00 SQ FT
     WING LOADING                126.92 LB/SQ FT

     THRUST PER ENGINE          25000.0 LB
     ENGINE SCALE FACTOR         1.0000
     THRUST-WEIGHT RATIO         0.3030


                              * * *  M I S S I O N   S U M M A R Y  * * *

            INITIAL      FUEL(LB)      TIME(MIN)     DIST (N MI)   MACH NUMBER    ALTITUDE(FT)     ALTERNATE FUEL   NOX EMISS(LB)
 SEGMENT     WT(LB)   SEGMT   TOTAL  SEGMT  TOTAL   SEGMT   TOTAL  START   END    START    END     SEGMT    TOTAL   SEGMT   TOTAL

 TAXI OUT   165000.    273.    273.   10.0   10.0                                                    0.0      0.0     0.9     0.9
 TAKE OFF   164727.    137.    410.    0.4   10.4                         0.300              0.      0.0      0.0     5.7     6.6

 CLIMB      164590.   5564.   5974.   34.8   45.2   242.0   242.0  0.300  0.780      0.  32347.      0.0      0.0   123.6   130.3
 CRUISE     159026.  40501.  46475.  446.9  492.1  3353.9  3595.9  0.780  0.780  32347.  37370.      0.0      0.0   437.8   568.0
 DESCENT    118525.    576.  47051.   28.8  520.9   142.2  3738.1  0.780  0.300  37370.      0.      0.0      0.0     1.2   569.2

 RESERVES   117949.   1050.  48101.                                                                  0.0      0.0
 TAXI IN               273.           10.0  530.9                                                    0.0              0.9   570.1
 ZERO FUEL  116899.

     DESIGN RANGE   3738.1
     FLIGHT TIME     510.5

     BLOCK TIME =   8.85 HOURS
     BLOCK FUEL =   47323.6 POUNDS
     TOTAL NITROGEN OXIDES EMISSIONS =    570.09 POUNDS

     ATA TRAFFIC ALLOWANCE =   136.9 NAUTICAL MILES
        AIR MANEUVER =  44.7
        AIRPORT TRAFFIC ALLOWANCE = 17.4
        AIRWAY DISTANCE FACTOR =  74.8

     ATA RANGE =   3601.2 NAUTICAL MILES

# COST ANALYSIS RESULTS

 DATA FROM AERO AND MISSION ANALYSIS MODULES

      GROSS WEIGHT                        165000. POUNDS
      DESIGN MACH NUMBER                   0.7800
      CRUISE VELOCITY                       514.8 MPH
      MAX DYNAMIC PRESSURE                  358.8 PSF
      RANGE                                4144.2 MILES
      BLOCK TIME                             8.85 HOURS
      BLOCK FUEL                           47324. POUNDS


#  AIRFRAME COSTS 

      AIRFRAME WEIGHTS AND ACQUISITION COSTS (MILLIONS OF DOLLARS)

            COMPONENT OR SYSTEM                 WEIGHT          COST

            WING                                17423.         2.290
            TAIL                                  725.         0.211
            FUSELAGE                            18775.         2.887
            LANDING GEAR                         8058.         0.793
            NACELLE                              1341.         0.494

      STRUCTURE TOTAL                           46321.         6.674

            THRUST REVERSER                         0.         0.000
            MISC SYSTEMS                          471.         0.101
            FUEL SYSTEM                           669.         0.056

      PROPULSION TOTAL *                         1140.         0.157

            SURFACE CONTROLS                     1725.         0.477
            AUX POWER UNIT                        991.         0.325
            INSTRUMENTS                           494.         0.603
            HYDRAULICS                            897.         0.066
            ELECTRICAL                           1976.         0.474
            AVIONICS                             1387.         1.692
            FURNISHINGS & EQUIP                 14013.         1.927
            AIR CONDITIONING                     1554.         0.490
            ANTI-ICING                            198.         0.061
            PNEUMATIC                             224.         0.046

      SYS & EQUIP TOTAL                         23460.         6.161

      FINAL ASSEMBLY AND DELIVERY                              3.248

   WEIGHT EMPTY *                               70921.        16.240

 * LESS BARE ENGINES

  (AERON. MANUF. PLANNING REPORT WEIGHT         46936.)


 TOTAL AIRFRAME COST =     16.240 (MILLIONS OF DOLLARS)

 AIRFRAME R D T AND E COSTS (MILLIONS OF DOLLARS)

      ENGINEERING DEVELOPMENT COST                            34.987
      DEVELOPMENT TOOLING COST                                32.148
      DEVELOPMENT MANUFACTURING COST                          26.558
      DEVELOPMENT MATERIALS                                    7.684
      DEVELOPMENT SUPPORT                                     16.445
      FLIGHT TEST OPERATIONS                                  18.707

 TOTAL AIRFRAME R&D COST =           136.528 (MILLIONS OF DOLLARS)

 AIRFRAME R&D COST PER AIRCRAFT =      1.365 (MILLIONS OF DOLLARS)



#  ENGINE COSTS

 ENGINE DEVELOPMENT COSTS (MILLIONS OF DOLLARS)

      TO MODEL QUALIFICATION TESTS                             7.163

   FLIGHT TEST ENGINES -
      RECURRING DEVELOPMENT                                   12.780
      PRODUCTION                                               1.815
      SPARES - RECURRING DEVELOPMENT AND PRODUCTION            7.298

 TOTAL ENGINE DEVELOPMENT                                     29.056



 ENGINE PRODUCTION COSTS (MILLIONS OF DOLLARS)

      FOR  100. AIRCRAFT AND   260.0 ENGINES INCLUDING SPARES

   CUMULATIVE AVERAGE COST PER AIRCRAFT ( 2 ENGINES)
      ENGINE PRODUCTION                                        0.618
      RECURRING DEVELOPMENT                                    0.785
   TOTAL                                                       1.402

   COST FOR LAST SHIPSET
      ENGINE PRODUCTION                                        0.539
      RECURRING DEVELOPMENT                                    0.275
   TOTAL                                                       0.814

#  DIRECT OPERATING COST
   (DOLLARS/DEPARTURE)

      AIRFRAME MAINTENANCE ITEMS

         CATEGORY                   ATA CODE      MATERIAL     LABOR

         AIRFRAME INSPECT. & MISC.     99           17.25     106.94
         AIR CONDITIONING              21           23.25      25.57
         AUTOPILOT                     22            5.92      12.88
         COMMUNICATIONS                23            6.22      15.90
         ELECTRICAL POWER              24           30.34      23.07
         EQUIPMENT & FURNISHINGS       25           38.09      83.43
         FIRE PROTECTION               26            1.03       0.90
         FLIGHT CONTROLS               27           26.64      43.34
         FUEL                          28            5.69      11.10
         HYDRAULIC POWER               29           37.17      25.87
         ICE & RAIN PROTECTION         30            1.96       3.29
         INSTRUMENTS                   31            1.79       4.17
         LANDING GEAR                  32           67.72      36.20
         LIGHTING                      33            8.55      16.37
         NAVIGATION                    34           22.61      39.20
         OXYGEN                        35            3.86       5.12
         PNEUMATICS                    36            2.88       1.22
         WATER/WASTE                   38            3.37       3.16
         AIRBORNE AUXILIARY POWER      49           22.65      10.13
         STRUCTURES                    50            0.00      21.89
         DOORS                         52            8.54      11.18
         FUSELAGE                      53            3.16      13.44
         NACELLES                      54            1.77       4.29
         STABILIZERS                   55            2.01       4.49
         WINDOWS                       56           27.15       5.27
         WINGS                         57            3.97      15.86

      TOTAL AIRFRAME MAINTENANCE                   373.58     544.27

      PROPULSION SYSTEM MAINT. PER ENGINE          162.26     148.17

      MATERIAL AND DIRECT LABOR SUBTOTALS          698.10     840.60

      MAINTENANCE DIRECT LABOR BURDEN                        1681.21

   TOTAL MAINTENANCE PER DEPARTURE                           3219.91

 REMAINING DIRECT OPERATING COST ELEMENTS

   DEPRECIATION                                              4918.83
   INSURANCE                                                  511.49
   AIRCRAFT SERVICING                                         165.27
   FLIGHT CREW OF 2                                          2731.72
   FUEL COST AT 0.50 DOLLARS/GALLON                          3510.66


 DIRECT OPERATING COSTS
        - DOLLARS PER DEPARTURE                             15057.87
        - DOLLARS PER BLOCK HOUR                             1701.69
        - DOLLARS PER AVAILABLE SEAT PER TRIP                 100.39
        - CENTS PER AVAILABLE SEAT MILE                         2.42

 FOR A LIFE OF 14. YEARS, WITH  349.3 DEPARTURES PER YEAR
 LIFETIME DIRECT OPERATING COSTS =   73.634 (MILLIONS OF DOLLARS)


#  INDIRECT OPERATING COST
   (DOLLARS/DEPARTURE)

  GROUP   EXPENSE ITEMS                                        COST

    A     GROUND PROPERTY AND EQUIPMENT AND A/C HANDLING      717.77
    B     CABIN CREW EXPENSES                                2265.25
    C     PASSENGER SERVICE (FOOD AND BEVERAGE)              1265.69
    D     PASS. SERVICE SUPPORT, COMMISSIONS, ADS, ETC.      4635.67
    E     AIRCRAFT CONTROL                                     64.97
    F     PASSENGER HANDLING, RESERV., SALES, ETC.           1027.71
    GB    BAGGAGE HANDLING                                    281.05
    GC    CARGO HANDLING                                        0.00
    H     FREIGHT SALES, ADS, AND PUBLICITY                     0.00
    J     GENERAL AND ADMINISTRATIVE                          933.49

 TOTAL INDIRECT OPERATING COST (DOLLARS/DEPARTURE)          11191.59


#  COST ELEMENT SUMMARY
  (MILLIONS OF DOLLARS PER AIRPLANE)

      AIRFRAME RESEARCH AND DEVELOPMENT                        1.365
      AIRFRAME PRODUCTION                                     16.240
      ENGINE RESEARCH AND DEVELOPMENT                          0.224
      ENGINE PRODUCTION                                        1.402

   MANUFACTURING COST                                         19.231

      AIRFRAME SPARES                                          1.624
      ENGINE SPARES                                            0.488

   MANUFACTURING COST WITH SPARES                             21.343

      MANUFACTURERS PROFIT                                     3.201

   TOTAL ACQUISITION COST (PRICE)                             24.544

   DIRECT OPERATING COSTS   ($  15058./TRIP)                  73.634

   INDIRECT OPERATING COSTS ($  11192./TRIP)                  54.727

 TOTAL LIFE CYCLE COST FOR 14. YEARS                         128.361

 FOR AN ROI OF  7.000 PERCENT, FARE =   373.42 DOLLARS/PASS
                                   OR  0.09011 DOLLARS/PASS/MILE

 RETURN ON INVESTMENT = 11.411 PERCENT FOR A FARE OF   0.10000 DOLLARS/PASS/MILE

# LANDING PERFORMANCE RESULTS

                                DRAG POLAR - GEAR DRAG NOT INCLUDED

     ANGLE OF ATTACK         -8.00     -4.00      0.00      4.00      8.00     12.00     14.00     16.00     18.00     20.00
     LIFT COEFFICIENT      -0.1000    0.2500    0.6000    0.9750    1.3500    1.7250    1.9130    2.1000    2.1500    2.1100
     DRAG COEFFICIENT       0.0100    0.0080    0.0170    0.0310    0.0330    0.0400    0.0600    0.0970    0.1440    0.2010

     CDMLD = 0.0081         CDGEAR = 0.0098         CDEOUT = 0.0000         CLLDM = 2.8000        LANDING WEIGHT =  145200.0

                                IDLE NET THRUST VALUES PER ENGINE

     VELOCITY         0.0       50.0      100.0      150.0      200.0      250.0      300.0      350.0      400.0      450.0
     THRUST           0.0        0.0        0.0        0.0        0.0        0.0        0.0        0.0        0.0        0.0

 LANDING PERFORMANCE            VELOCITY     TIME   DISTANCE    ALPHA   ALTITUDE
                                  KNOTS      SEC.     FEET       DEG.     FEET

     50. FOOT OBSTACLE            143.54     0.00       0.00    11.28    50.00
     START OF FLARE               143.54     2.21     534.42    11.21    21.99
     TOUCHDOWN                    142.61     5.02    1214.52    13.25     0.00
     SPOILER ACTUATION            141.55     7.02    1694.06     9.25     0.00
     WHEEL BRAKES APPLIED         140.57     9.02    2170.24     5.25     0.00
     END OF LANDING                 0.00    36.87    5712.89    -1.00     0.00

 STALL SPEED (VS)                 110.41
     1.30 VS                      143.54

 UNSTICK SPEED (VU)               128.13
     1.05 VU                      134.54

 MISSED APPROACH CLIMB            143.54                        10.95

     FLIGHT PATH SLOPE =     2.10 PERCENT
     NET THRUST        =   13026. POUNDS

 FAR LANDING FIELD LENGTH = LANDING DISTANCE /0.6    9521.49 FEET


# TAKEOFF PERFORMANCE RESULTS

                                DRAG POLAR - GEAR DRAG NOT INCLUDED

     ANGLE OF ATTACK         -4.00     -2.00      0.00      2.50      5.00      7.50     10.00     12.50     15.00     16.00
     LIFT COEFFICIENT       0.1500    0.3250    0.5000    0.6750    0.9375    1.1563    1.3750    1.5938    1.8125    1.9000
     DRAG COEFFICIENT       0.0070    0.0090    0.0140    0.0220    0.0340    0.0500    0.0720    0.1000    0.1340    0.1750

     CDMTO = 0.0077         CDGEAR = 0.0098         CDEOUT = 0.0000         CLTOM = 2.8000        TAKEOFF WEIGHT =  165000.0

                                INPUT NET THRUST VALUES FOR ENGINE

     VELOCITY         0.0       50.0      100.0      150.0      200.0      250.0      300.0      350.0      400.0      450.0
     THRUST       25000.0    24040.3    23080.7    22121.0    21161.3    20315.6    19605.2    18894.7    18184.3    17473.8

 ACCELERATE - STOP DISTANCE     VELOCITY     TIME   DISTANCE
 ALL ENGINES OPERATING            KNOTS      SEC.     FEET

     DECISION SPEED (V1)          149.54    31.48    4143.40
     BRAKE APPLICATION (T1+2)     157.81    33.48    4662.10
     COMPLETE STOP                  0.00    63.59    8848.06

 ACCELERATE - STOP DISTANCE     VELOCITY     TIME   DISTANCE
 ONE ENGINE OUT (OEO)             KNOTS      SEC.     FEET

     ENGINE FAILURE (VEF)         147.70    31.04    4032.68
     DECISION SPEED (V1)          149.54    32.04    4284.04
     BRAKE APPLICATION (T1+2)     153.19    34.04    4794.84
     COMPLETE STOP                  0.00    63.11    8706.49

 TAKEOFF DISTANCE               VELOCITY     TIME   DISTANCE    ALPHA    GAMMA
 ONE ENGINE OUT (OEO)             KNOTS      SEC.     FEET       DEG.     DEG.

     ENGINE FAILURE (VEF)         147.70    31.04    4032.68    -1.00     0.00
     ROTATION SPEED (VR)          163.88    40.00    6388.39    -1.00     0.00
     LIFT OFF (VLOF)              172.06    44.79    7747.50     8.58     0.00
     35. FOOT OBSTACLE            174.27    48.55    8848.00     9.14     3.75

 SECOND SEGMENT CLIMB             174.27                         8.72     1.37

     FLIGHT PATH SLOPE =     2.40 PERCENT
     NET THRUST        =    7802. POUNDS

 TAKEOFF DISTANCE               VELOCITY     TIME   DISTANCE    ALPHA    GAMMA
 ALL ENGINES OPERATING (AEO)      KNOTS      SEC.     FEET       DEG.     DEG.

     ROTATION SPEED (VR)          163.88    34.97    5065.29    -1.00     0.00
     LIFT OFF (VLOF)              180.29    39.09    6262.97     7.24     0.00
     35. FOOT OBSTACLE            188.56    42.30    7264.94    13.66     5.81

     115 PERCENT OBSTACLE DISTANCE                   8354.68

 STALL SPEED (VS)                 117.70
     1.05 VS                      123.59
     1.20 VS                      141.24

 ROTATION SPEED IN KNOTS REQUIRED TO MEET
     VLOF = 1.10*VMU (AEO)        162.19
     VLOF = 1.05*VMU (OEO)        163.88

 FAR TAKEOFF FIELD LENGTH                            8848.06 FEET



# PROFILE FOR NOISE CALCULATIONS


 TAKEOFF AND CLIMB PROFILE SEGMENT RESULT SUMMARY

  KEY     TIME   HEIGHT  DISTANCE   SPEED   GAMMA   ALPHA    WEIGHT  FLAPS      CL     L/D   EGEAR    THRUST   VJET   T/TMAX

  ROTA   34.91     0.00    5053.9  163.88    0.00   -1.00   164528.    1.0   0.4275   22.34    1.0   39875.4    0.0   1.0000
  LIFT   39.01     0.00    6246.4  180.27    0.00    7.21   164504.    1.0   1.1718   27.19    1.0   39089.1    0.0   1.0000
  OBST   42.21    34.99    7247.3  188.58    5.81   13.61   164486.    1.0   1.6962   14.71    1.0   38645.6    0.0   1.0000
  CHAN   53.76   689.00   10860.6  188.58   10.96    6.52   164420.    1.0   1.0703   24.49    0.0   37808.4    0.0   1.0000
  CUTBACK SEGMENT - NEW ENGINE SETTING = 0.36413,  THRUST REQUIRED =   6712.5 (AEO)  OR   6883.7 (OEO)
  LAST  129.71  1823.34   35000.0  188.58    2.17    7.30   164269.    1.0   1.1388   23.37    0.0   13239.8    0.0   0.3641


# TAKEOFF NOISE MODULE RESULTS


 SCALED ENGINE NOISE PARAMETER ARRAYS
   SCALE =  1.000000

    AEPP   1.0000   0.8968   0.8003   0.7415   0.6775   0.6140   0.5557   0.5020   0.4502   0.3996   0.3530   0.3091   0.2593
           0.2131   0.1716
  AWAFAN   775.12   745.03   715.63   697.07   676.19   654.78   634.51   615.27   595.64   575.14   555.57   535.50   510.01
           483.88   457.73
    ARPM   9400.0   9000.0   8600.0   8200.0   7800.0   7400.0   7000.0   6600.0   6200.0   5800.0   5400.0   5000.0   4600.0
           4400.0   4200.0
   ADELT    61.59    57.31    53.23    50.71    47.91    45.04    42.33    39.75    37.33    35.09    32.92    30.70    27.98
            25.17    22.42
    AFPR    1.415    1.380    1.347    1.327    1.306    1.285    1.265    1.247    1.229    1.211    1.194    1.177    1.156
            1.135    1.116
  AFANEF   0.8800   0.8800   0.8800   0.8800   0.8800   0.8800   0.8800   0.8800   0.8800   0.8800   0.8800   0.8800   0.8800
           0.8800   0.8800
  AFANF2   0.8800   0.8800   0.8800   0.8800   0.8800   0.8800   0.8800   0.8800   0.8800   0.8800   0.8800   0.8800   0.8800
           0.8800   0.8800
  AWCORE   103.68    96.48    89.67    85.49    80.59    75.56    70.92    66.64    62.59    58.75    55.16    51.79    47.73
            43.88    40.42
   AFUEL    2.837    2.495    2.186    2.004    1.814    1.632    1.468    1.319    1.183    1.058    0.945    0.842    0.736
            0.641    0.558
     AP3 81346.48 74297.98 67741.77 63759.14 59302.89 54833.91 50742.69 46989.77 43487.13 40198.98 37158.88 34331.78 31092.25
         28070.05 25384.46
     AT3   1639.8   1597.0   1554.5   1527.1   1498.8   1470.1   1441.8   1413.8   1386.0   1358.6   1331.2   1303.7   1274.1
           1244.0   1214.1
     AT4   3297.2   3178.8   3060.4   2983.9   2907.4   2830.9   2754.5   2678.0   2601.5   2525.0   2448.5   2372.0   2295.6
           2219.1   2142.6
  ATCTUR  1845.88  1769.64  1693.89  1645.21  1596.48  1547.84  1499.50  1451.50  1404.00  1357.09  1310.70  1266.70  1226.72
          1189.98  1155.87
     AVC  1902.81  1864.13  1824.95  1799.49  1773.82  1747.88  1721.62  1694.92  1667.77  1640.17  1576.28  1462.26  1338.31
          1221.31  1114.68
     AVF   848.64   819.04   789.88   771.34   750.68   729.46   709.16   689.73   669.73   648.67   628.38   607.15   579.97
           551.60   522.70
     ATC  1845.88  1769.64  1693.89  1645.21  1596.48  1547.84  1499.50  1451.50  1404.00  1357.09  1310.70  1266.70  1226.72
          1189.98  1155.87
     ATF   588.39   584.10   580.03   577.51   574.70   571.84   569.12   566.55   564.13   561.88   559.72   557.49   554.78
           551.96   549.22
     AAC    1.229    1.229    1.229    1.229    1.229    1.229    1.229    1.229    1.229    1.229    1.229    1.229    1.229
            1.229    1.229
     AAF   10.649   10.649   10.649   10.649   10.649   10.649   10.649   10.649   10.649   10.649   10.649   10.649   10.649
           10.649   10.649
     ADJ     1.25     1.25     1.25     1.25     1.25     1.25     1.25     1.25     1.25     1.25     1.25     1.25     1.25
             1.25     1.25
    ADJ2     0.69     0.69     0.69     0.69     0.69     0.69     0.69     0.69     0.69     0.69     0.69     0.69     0.69
             0.69     0.69
   AMSP9     3.91     3.57     3.26     3.07     2.86     2.65     2.46     2.28     2.11     1.96     1.82     1.69     1.57
             1.47     1.39
  AMSTT3  1845.88  1769.64  1693.89  1645.21  1596.48  1547.84  1499.50  1451.50  1404.00  1357.09  1310.70  1266.70  1226.72
          1189.98  1155.87
   AMSA9     1.23     1.23     1.23     1.23     1.23     1.23     1.23     1.23     1.23     1.23     1.23     1.23     1.23
             1.23     1.23
  AMSAA8     1.23     1.23     1.23     1.23     1.23     1.23     1.23     1.23     1.23     1.23     1.23     1.23     1.23
             1.23     1.23
  AMSTT4  1845.88  1769.64  1693.89  1645.21  1596.48  1547.84  1499.50  1451.50  1404.00  1357.09  1310.70  1266.70  1226.72
          1189.98  1155.87
   AMSP4     1.46     1.42     1.39     1.37     1.35     1.33     1.31     1.29     1.27     1.25     1.24     1.22     1.20
             1.18     1.16
  AMSTT5   588.39   584.10   580.03   577.51   574.70   571.84   569.12   566.55   564.13   561.88   559.72   557.49   554.78
           551.96   549.22
   AMSP5     1.46     1.42     1.39     1.37     1.35     1.33     1.31     1.29     1.27     1.25     1.24     1.22     1.20
             1.18     1.16



#  OBSERVER NOISE SUMMARIES


  NOISE LEVELS AT FAR 36 OBSERVER POINTS

                XO        YO           ZO      EPNL     FAR 36

 FLYOVER      21325.00      0.00      4.00     83.27     91.54
 SIDELINE      6176.25   1476.00      4.00     85.75     96.81

              CALCULATED     FAR 36    FIGURE OF MERIT
 FLYOVER         83.27        91.54        -8.2700
 SIDELINE        85.75        96.81       -11.0581
 COMBINED       169.02       188.35        -9.6640

#OBJ/VAR/CONSTR SUMMARY

      FUEL  RANGE  VAPP FAROFF FARLDG   AMFOR   SSFOR       GW     AR    THRUST     SW    TR  SWEEP   TCA   VCMN    CH    W/S   T/W
   48100.6 3601.2 143.5  8848.  9521.  13026.   7802.   165000.0 11.000 25000.0  1300.0 0.270 25.00 0.1100 0.780  39000. 126.9 0.303
 DESIGN - TIT    OPR    FPR    BPR    TTR    BLA  (SLS)ST   VJET  (CRUISE)  MACH    ALT  THRUST   SFC   OVEFF   CDT    CDP
        3300.0 40.000 1.4500  6.000 1.0000  20.00    33.5 1886.6            0.78  39000.  3131. 0.7311 0.2583 1369.9 143.43
 VARTH 1.000000 ROTVEL   0.0000 PLR 0.000000 SL/FAR  83.27 /  91.54 FO/FAR  85.75 /  96.81 G(13-15) -0.090342 -0.114226 -0.102618
